Log file open, 01/23/19 09:34:48
LogWindows: Failed to load 'aqProf.dll' (GetLastError=126)
LogWindows: File 'aqProf.dll' does not exist
LogWindows: Failed to load 'VtuneApi.dll' (GetLastError=126)
LogWindows: File 'VtuneApi.dll' does not exist
LogWindows: Failed to load 'VtuneApi32e.dll' (GetLastError=126)
LogWindows: File 'VtuneApi32e.dll' does not exist
LogInit: Display: Running engine for game: CP_ICWhiteBox001
LogPlatformFile: Not using cached read wrapper
LogTaskGraph: Started task graph with 5 named threads and 23 total threads with 3 sets of task threads.
LogStats: Stats thread started at 0.293330
LogD3D11RHI: Loaded GFSDK_Aftermath_Lib.x64.dll
LogICUInternationalization: Display: ICU TimeZone Detection - Raw Offset: -7:00, Platform Override: ''
LogPluginManager: Mounting plugin Paper2D
LogPluginManager: Mounting plugin AISupport
LogPluginManager: Mounting plugin LightPropagationVolume
LogPluginManager: Mounting plugin CLionSourceCodeAccess
LogPluginManager: Mounting plugin CodeLiteSourceCodeAccess
LogPluginManager: Mounting plugin GitSourceControl
LogPluginManager: Mounting plugin KDevelopSourceCodeAccess
LogPluginManager: Mounting plugin NullSourceCodeAccess
LogPluginManager: Mounting plugin PerforceSourceControl
LogPluginManager: Mounting plugin SubversionSourceControl
LogPluginManager: Mounting plugin UObjectPlugin
LogPluginManager: Mounting plugin VisualStudioCodeSourceCodeAccess
LogPluginManager: Mounting plugin VisualStudioSourceCodeAccess
LogPluginManager: Mounting plugin XCodeSourceCodeAccess
LogPluginManager: Mounting plugin AssetManagerEditor
LogPluginManager: Mounting plugin CryptoKeys
LogPluginManager: Mounting plugin DataValidation
LogPluginManager: Mounting plugin FacialAnimation
LogPluginManager: Mounting plugin GameplayTagsEditor
LogPluginManager: Mounting plugin MacGraphicsSwitching
LogPluginManager: Mounting plugin MeshEditor
LogPluginManager: Mounting plugin MobileLauncherProfileWizard
LogPluginManager: Mounting plugin PluginBrowser
LogPluginManager: Mounting plugin SpeedTreeImporter
LogPluginManager: Mounting plugin DatasmithContent
LogPluginManager: Mounting plugin AlembicImporter
LogPluginManager: Mounting plugin AppleImageUtils
LogPluginManager: Mounting plugin AppleVision
LogPluginManager: Mounting plugin BackChannel
LogPluginManager: Mounting plugin CharacterAI
LogPluginManager: Mounting plugin GeometryCache
LogPluginManager: Mounting plugin HTML5Networking
LogPluginManager: Mounting plugin ProxyLODPlugin
LogPluginManager: Mounting plugin MagicLeap
LogPluginManager: Mounting plugin MagicLeapEmulator
LogPluginManager: Mounting plugin MagicLeapMedia
LogPluginManager: Mounting plugin AndroidMedia
LogPluginManager: Mounting plugin AvfMedia
LogPluginManager: Mounting plugin ImgMedia
LogPluginManager: Mounting plugin LinearTimecode
LogPluginManager: Mounting plugin MediaCompositing
LogPluginManager: Mounting plugin MediaPlayerEditor
LogPluginManager: Mounting plugin WmfMedia
LogPluginManager: Mounting plugin TcpMessaging
LogPluginManager: Mounting plugin UdpMessaging
LogPluginManager: Mounting plugin ActorSequence
LogPluginManager: Mounting plugin LevelSequenceEditor
LogPluginManager: Mounting plugin MatineeToLevelSequence
LogPluginManager: Mounting plugin NetcodeUnitTest
LogPluginManager: Mounting plugin NUTUnrealEngine4
LogPluginManager: Mounting plugin OnlineSubsystemGooglePlay
LogPluginManager: Mounting plugin OnlineSubsystemIOS
LogPluginManager: Mounting plugin OnlineSubsystem
LogPluginManager: Mounting plugin OnlineSubsystemNull
LogPluginManager: Mounting plugin OnlineSubsystemUtils
LogPluginManager: Mounting plugin LauncherChunkInstaller
LogPluginManager: Mounting plugin AndroidDeviceProfileSelector
LogPluginManager: Mounting plugin AndroidMoviePlayer
LogPluginManager: Mounting plugin AndroidPermission
LogPluginManager: Mounting plugin AppleMoviePlayer
LogPluginManager: Mounting plugin ArchVisCharacter
LogPluginManager: Mounting plugin AudioCapture
LogPluginManager: Mounting plugin CableComponent
LogPluginManager: Mounting plugin CustomMeshComponent
LogPluginManager: Mounting plugin EditableMesh
LogPluginManager: Mounting plugin ExampleDeviceProfileSelector
LogPluginManager: Mounting plugin GoogleCloudMessaging
LogPluginManager: Mounting plugin ImmediatePhysics
LogPluginManager: Mounting plugin IOSDeviceProfileSelector
LogPluginManager: Mounting plugin LinuxDeviceProfileSelector
LogPluginManager: Mounting plugin LocationServicesBPLibrary
LogPluginManager: Mounting plugin MobilePatchingUtils
LogPluginManager: Mounting plugin OculusVR
LogPluginManager: Plugin shader directory ../../../Engine/Plugins/Runtime/Oculus/OculusVR/Shaders found
LogPluginManager: Mapping shader source directory ../../../Engine/Plugins/Runtime/Oculus/OculusVR/Shaders to virtual directory /Plugin/OculusVR
LogPluginManager: Mounting plugin PhysXVehicles
LogPluginManager: Mounting plugin ProceduralMeshComponent
LogPluginManager: Mounting plugin RuntimePhysXCooking
LogPluginManager: Mounting plugin SteamVR
LogPluginManager: Mounting plugin WindowsMoviePlayer
LogStreaming: Display: Took  0.116s to configure plugins.
LogInit: Using libcurl 7.55.1-DEV
LogInit:  - built for x86_64-pc-win32
LogInit:  - supports SSL with OpenSSL/1.0.2h
LogInit:  - supports HTTP deflate (compression) using libz 1.2.8
LogInit:  - other features:
LogInit:      CURL_VERSION_SSL
LogInit:      CURL_VERSION_LIBZ
LogInit:      CURL_VERSION_IPV6
LogInit:      CURL_VERSION_ASYNCHDNS
LogInit:      CURL_VERSION_LARGEFILE
LogInit:      CURL_VERSION_IDN
LogInit:  CurlRequestOptions (configurable via config and command line):
LogInit:  - bVerifyPeer = false  - Libcurl will NOT verify peer certificate
LogInit:  - bUseHttpProxy = false  - Libcurl will NOT use HTTP proxy
LogInit:  - bDontReuseConnections = false  - Libcurl will reuse connections
LogInit:  - CertBundlePath = nullptr  - Libcurl will use whatever was configured at build time.
LogInit:  - MaxHostConnections = 16  - Libcurl will limit the number of connections to a host
LogInit:  - LocalHostAddr = Default
LogInit:  - BufferSize = 65536
LogInit: WinSock: version 1.1 (2.2), MaxSocks=32767, MaxUdp=65467
LogInit: Build: ++UE4+Release-4.20-CL-4369336
LogInit: Engine Version: 4.20.3-4369336+++UE4+Release-4.20
LogInit: Compatible Engine Version: 4.20.0-4212847+++UE4+Release-4.20
LogInit: Net CL: 4212847
LogInit: OS: Windows 10 (), CPU: Intel(R) Core(TM) i7-8809G CPU @ 3.10GHz, GPU: Radeon RX Vega M GH Graphics
LogInit: Compiled (64-bit): Sep 17 2018 12:26:19
LogInit: Compiled with Visual C++: 19.13.26129.00
LogInit: Build Configuration: Development
LogInit: Branch Name: ++UE4+Release-4.20
LogInit: Command Line:  
LogInit: Base Directory: C:/Program Files/Epic Games/UE_4.20/Engine/Binaries/Win64/
LogInit: Installed Engine Build: 1
LogDevObjectVersion: Number of dev versions registered: 20
LogDevObjectVersion:   Dev-Blueprints (B0D832E4-1F89-4F0D-ACCF-7EB736FD4AA2): 10
LogDevObjectVersion:   Dev-Build (E1C64328-A22C-4D53-A36C-8E866417BD8C): 0
LogDevObjectVersion:   Dev-Core (375EC13C-06E4-48FB-B500-84F0262A717E): 2
LogDevObjectVersion:   Dev-Editor (E4B068ED-F494-42E9-A231-DA0B2E46BB41): 24
LogDevObjectVersion:   Dev-Framework (CFFC743F-43B0-4480-9391-14DF171D2073): 34
LogDevObjectVersion:   Dev-Mobile (B02B49B5-BB20-44E9-A304-32B752E40360): 2
LogDevObjectVersion:   Dev-Networking (A4E4105C-59A1-49B5-A7C5-40C4547EDFEE): 0
LogDevObjectVersion:   Dev-Online (39C831C9-5AE6-47DC-9A44-9C173E1C8E7C): 0
LogDevObjectVersion:   Dev-Physics (78F01B33-EBEA-4F98-B9B4-84EACCB95AA2): 0
LogDevObjectVersion:   Dev-Platform (6631380F-2D4D-43E0-8009-CF276956A95A): 0
LogDevObjectVersion:   Dev-Rendering (12F88B9F-8875-4AFC-A67C-D90C383ABD29): 26
LogDevObjectVersion:   Dev-Sequencer (7B5AE74C-D270-4C10-A958-57980B212A5A): 9
LogDevObjectVersion:   Dev-VR (D7296918-1DD6-4BDD-9DE2-64A83CC13884): 2
LogDevObjectVersion:   Dev-LoadTimes (C2A15278-BFE7-4AFE-6C17-90FF531DF755): 1
LogDevObjectVersion:   Private-Geometry (6EACA3D4-40EC-4CC1-B786-8BED09428FC5): 3
LogDevObjectVersion:   Dev-AnimPhys (29E575DD-E0A3-4627-9D10-D276232CDCEA): 17
LogDevObjectVersion:   Dev-ReflectionCapture (6B266CEC-1EC7-4B8F-A30B-E4D90942FC07): 1
LogDevObjectVersion:   Dev-Automation (0DF73D61-A23F-47EA-B727-89E90C41499A): 1
LogDevObjectVersion:   FortniteMain (601D1886-AC64-4F84-AA16-D3DE0DEAC7D6): 12
LogDevObjectVersion:   Dev-Enterprise (9DFFBCD6-494F-0158-E221-12823C92A888): 1
LogStreaming: Display: Took  0.000s to delete old logs.
LogInit: Presizing for max 8388607 objects, including 0 objects not considered by GC, pre-allocating 0 bytes for permanent pool.
LogInit: Object subsystem initialized
[2019.01.23-16.34.48:937][  0]LogInit: Selected Device Profile: [Windows]
[2019.01.23-16.34.48:937][  0]LogInit: Applying CVar settings loaded from the selected device profile: [Windows]
[2019.01.23-16.34.48:955][  0]LogHAL: Display: Platform has ~ 16 GB [17094848512 / 17179869184 / 16], which maps to Larger [LargestMinGB=32, LargerMinGB=12, DefaultMinGB=8, SmallerMinGB=6, SmallestMinGB=0)
[2019.01.23-16.34.48:955][  0]LogInit: Setting Device Profile CVar: [[r.Vulkan.UseRealUBs:1]]
[2019.01.23-16.34.48:955][  0]LogInit: Going up to parent DeviceProfile []
[2019.01.23-16.34.48:960][  0]LogInit: Computer: eae-n-020
[2019.01.23-16.34.48:960][  0]LogInit: User: u0849311
[2019.01.23-16.34.48:960][  0]LogInit: CPU Page size=4096, Cores=4
[2019.01.23-16.34.48:960][  0]LogInit: High frequency timer resolution =3.023440 MHz
[2019.01.23-16.34.48:960][  0]LogMemory: Memory total: Physical=15.9GB (16GB approx)
[2019.01.23-16.34.48:960][  0]LogMemory: Platform Memory Stats for Windows
[2019.01.23-16.34.48:960][  0]LogMemory: Process Physical Memory: 99.60 MB used, 99.60 MB peak
[2019.01.23-16.34.48:960][  0]LogMemory: Process Virtual Memory: 91.04 MB used, 91.04 MB peak
[2019.01.23-16.34.48:960][  0]LogMemory: Physical Memory: 4141.64 MB used,  12161.28 MB free, 16302.92 MB total
[2019.01.23-16.34.48:960][  0]LogMemory: Virtual Memory: 4640.71 MB used,  12161.28 MB free, 134217728.00 MB total
[2019.01.23-16.34.49:117][  0]LogInit: Using OS detected language (en-US).
[2019.01.23-16.34.49:117][  0]LogInit: Using OS detected locale (en-US).
[2019.01.23-16.34.49:118][  0]LogTextLocalizationManager: No specific localization for 'en-US' exists, so the 'en' localization will be used.
[2019.01.23-16.34.49:482][  0]LogStreaming: Display: Took  0.365s to InitEngineTextLocalization.
[2019.01.23-16.34.49:482][  0]LogInit: Setting process to per monitor DPI aware
[2019.01.23-16.34.49:547][  0]LogSlate: New Slate User Created.  User Index 0, Is Virtual User: 0
[2019.01.23-16.34.49:547][  0]LogSlate: Slate User Registered.  User Index 0, Is Virtual User: 0
[2019.01.23-16.34.51:660][  0]LogHMD: Failed to initialize OpenVR with code 110
[2019.01.23-16.34.51:660][  0]LogD3D11RHI: D3D11 adapters:
[2019.01.23-16.34.51:714][  0]LogD3D11RHI:    0. 'Radeon RX Vega M GH Graphics' (Feature Level 11_0)
[2019.01.23-16.34.51:714][  0]LogD3D11RHI:       4042/0/8151 MB DedicatedVideo/DedicatedSystem/SharedSystem, Outputs:1, VendorId:0x1002
[2019.01.23-16.34.51:729][  0]LogD3D11RHI:    1. 'Intel(R) HD Graphics 630' (Feature Level 11_0)
[2019.01.23-16.34.51:729][  0]LogD3D11RHI:       128/0/8151 MB DedicatedVideo/DedicatedSystem/SharedSystem, Outputs:0, VendorId:0x8086
[2019.01.23-16.34.51:730][  0]LogD3D11RHI:    2. 'Microsoft Basic Render Driver' (Feature Level 11_0)
[2019.01.23-16.34.51:730][  0]LogD3D11RHI:       0/0/8151 MB DedicatedVideo/DedicatedSystem/SharedSystem, Outputs:0, VendorId:0x1414
[2019.01.23-16.34.51:730][  0]LogD3D11RHI: Chosen D3D11 Adapter: 0
[2019.01.23-16.34.51:736][  0]LogD3D11RHI: Creating new Direct3DDevice
[2019.01.23-16.34.51:736][  0]LogD3D11RHI:     GPU DeviceId: 0x694c (for the marketing name, search the web for "GPU Device Id")
[2019.01.23-16.34.51:736][  0]LogWindows: EnumDisplayDevices:
[2019.01.23-16.34.51:737][  0]LogWindows:    0. 'Radeon RX Vega M GH Graphics' (P:1 D:1)
[2019.01.23-16.34.51:737][  0]LogWindows:    1. 'Radeon RX Vega M GH Graphics' (P:0 D:0)
[2019.01.23-16.34.51:737][  0]LogWindows:    2. 'Radeon RX Vega M GH Graphics' (P:0 D:0)
[2019.01.23-16.34.51:737][  0]LogWindows:    3. 'Radeon RX Vega M GH Graphics' (P:0 D:0)
[2019.01.23-16.34.51:737][  0]LogWindows:    4. 'Radeon RX Vega M GH Graphics' (P:0 D:0)
[2019.01.23-16.34.51:738][  0]LogWindows:    5. 'Radeon RX Vega M GH Graphics' (P:0 D:0)
[2019.01.23-16.34.51:738][  0]LogWindows:    6. 'Radeon RX Vega M GH Graphics' (P:0 D:0)
[2019.01.23-16.34.51:738][  0]LogWindows:    7. 'Intel(R) HD Graphics 630' (P:0 D:0)
[2019.01.23-16.34.51:738][  0]LogWindows:    8. 'Intel(R) HD Graphics 630' (P:0 D:0)
[2019.01.23-16.34.51:739][  0]LogWindows: DebugString: PrimaryIsNotTheChoosenAdapter PrimaryIsNotTheChoosenAdapter FoundDriverCount:7 
[2019.01.23-16.34.51:739][  0]LogD3D11RHI:     Adapter Name: Radeon RX Vega M GH Graphics
[2019.01.23-16.34.51:739][  0]LogD3D11RHI:   Driver Version: Adrenalin 18.9.1 (internal:24.20.11026.2001, unified:24.20.11026.2001)
[2019.01.23-16.34.51:739][  0]LogD3D11RHI:      Driver Date: 8-30-2018
[2019.01.23-16.34.51:739][  0]LogRHI: Texture pool is 2829 MB (70% of 4042 MB)
[2019.01.23-16.34.51:827][  0]LogD3D11RHI: Async texture creation enabled
[2019.01.23-16.34.51:839][  0]LogD3D11RHI: GPU Timing Frequency: 25.000000 (Debug: 2 1)
[2019.01.23-16.34.51:842][  0]LogShaderCompilers: Guid format shader working directory is -28 characters bigger than the processId version (../../../../../../Users/u0849311/Documents/GitHub/CP_IC_WBox/CP_ICWhiteBox001/Intermediate/Shaders/WorkingDirectory/9300/).
[2019.01.23-16.34.51:842][  0]LogShaderCompilers: Cleaned the shader compiler working directory 'C:/Users/u0849311/AppData/Local/Temp/UnrealShaderWorkingDir/18FB36CC4189B77C70D242BA5262A8E5/'.
[2019.01.23-16.34.52:100][  0]LogTemp: Display: Loaded TP AllDesktopTargetPlatform
[2019.01.23-16.34.52:111][  0]LogTemp: Display: Loaded TP MacClientTargetPlatform
[2019.01.23-16.34.52:122][  0]LogTemp: Display: Loaded TP MacNoEditorTargetPlatform
[2019.01.23-16.34.52:133][  0]LogTemp: Display: Loaded TP MacServerTargetPlatform
[2019.01.23-16.34.52:150][  0]LogTemp: Display: Loaded TP MacTargetPlatform
[2019.01.23-16.34.52:161][  0]LogTemp: Display: Loaded TP WindowsClientTargetPlatform
[2019.01.23-16.34.52:172][  0]LogTemp: Display: Loaded TP WindowsNoEditorTargetPlatform
[2019.01.23-16.34.52:184][  0]LogTemp: Display: Loaded TP WindowsServerTargetPlatform
[2019.01.23-16.34.52:189][  0]LogTemp: Display: Loaded TP WindowsTargetPlatform
[2019.01.23-16.34.52:258][  0]LogTemp: Display: Loaded TP AndroidTargetPlatform
[2019.01.23-16.34.52:258][  0]LogTemp: Display: Loaded TP AndroidTargetPlatform
[2019.01.23-16.34.52:258][  0]LogTemp: Display: Loaded TP AndroidTargetPlatform
[2019.01.23-16.34.52:258][  0]LogTemp: Display: Loaded TP AndroidTargetPlatform
[2019.01.23-16.34.52:258][  0]LogTemp: Display: Loaded TP AndroidTargetPlatform
[2019.01.23-16.34.52:258][  0]LogTemp: Display: Loaded TP AndroidTargetPlatform
[2019.01.23-16.34.52:258][  0]LogTemp: Display: Loaded TP AndroidTargetPlatform
[2019.01.23-16.34.52:258][  0]LogTemp: Display: Loaded TP AndroidTargetPlatform
[2019.01.23-16.34.52:258][  0]LogTemp: Display: Loaded TP AndroidTargetPlatform
[2019.01.23-16.34.52:258][  0]LogTemp: Display: Loaded TP AndroidTargetPlatform
[2019.01.23-16.34.52:258][  0]LogTemp: Display: Loaded TP AndroidTargetPlatform
[2019.01.23-16.34.52:258][  0]LogTemp: Display: Loaded TP AndroidTargetPlatform
[2019.01.23-16.34.52:258][  0]LogTemp: Display: Loaded TP AndroidTargetPlatform
[2019.01.23-16.34.52:258][  0]LogTemp: Display: Loaded TP AndroidTargetPlatform
[2019.01.23-16.34.52:258][  0]LogTemp: Display: Loaded TP AndroidTargetPlatform
[2019.01.23-16.34.52:258][  0]LogTemp: Display: Loaded TP AndroidTargetPlatform
[2019.01.23-16.34.52:258][  0]LogTemp: Display: Loaded TP AndroidTargetPlatform
[2019.01.23-16.34.52:258][  0]LogTemp: Display: Loaded TP AndroidTargetPlatform
[2019.01.23-16.34.52:260][  0]LogTemp: Display: Loaded TP HTML5TargetPlatform
[2019.01.23-16.34.52:325][  0]LogTemp: Display: Loaded TP IOSTargetPlatform
[2019.01.23-16.34.52:325][  0]LogTemp: Display: Loaded TP IOSTargetPlatform
[2019.01.23-16.34.52:343][  0]LogTemp: Display: Loaded TP TVOSTargetPlatform
[2019.01.23-16.34.52:343][  0]LogTemp: Display: Loaded TP TVOSTargetPlatform
[2019.01.23-16.34.52:354][  0]LogTemp: Display: Loaded TP LinuxClientTargetPlatform
[2019.01.23-16.34.52:364][  0]LogTemp: Display: Loaded TP LinuxNoEditorTargetPlatform
[2019.01.23-16.34.52:374][  0]LogTemp: Display: Loaded TP LinuxServerTargetPlatform
[2019.01.23-16.34.52:392][  0]LogTemp: Display: Loaded TP LinuxTargetPlatform
[2019.01.23-16.34.52:400][  0]LogTemp: Display: Loaded TP LuminTargetPlatform
[2019.01.23-16.34.52:400][  0]LogTargetPlatformManager: Display: Building Assets For Windows
[2019.01.23-16.34.52:484][  0]LogXGEController: Cannot use XGE Controller as Incredibuild is not installed on this machine.
[2019.01.23-16.34.52:484][  0]LogShaderCompilers: Cannot use XGE Shader Compiler as Incredibuild is not installed on this machine.
[2019.01.23-16.34.52:484][  0]LogShaderCompilers: Display: Using Local Shader Compiler.
[2019.01.23-16.34.54:121][  0]LogDerivedDataCache: Display: Max Cache Size: 512 MB
[2019.01.23-16.34.54:173][  0]LogDerivedDataCache: Loaded boot cache 0.05s 71MB C:/Users/u0849311/AppData/Local/UnrealEngine/4.20/DerivedDataCache/Boot.ddc.
[2019.01.23-16.34.54:173][  0]LogDerivedDataCache: Display: Loaded Boot cache: C:/Users/u0849311/AppData/Local/UnrealEngine/4.20/DerivedDataCache/Boot.ddc
[2019.01.23-16.34.54:174][  0]LogDerivedDataCache: FDerivedDataBackendGraph:  Pak pak cache file ../../../../../../Users/u0849311/Documents/GitHub/CP_IC_WBox/CP_ICWhiteBox001/DerivedDataCache/DDC.ddp not found, will not use a pak cache.
[2019.01.23-16.34.54:174][  0]LogDerivedDataCache: Unable to find inner node Pak for hierarchical cache Hierarchy.
[2019.01.23-16.34.54:174][  0]LogDerivedDataCache: FDerivedDataBackendGraph:  CompressedPak pak cache file ../../../../../../Users/u0849311/Documents/GitHub/CP_IC_WBox/CP_ICWhiteBox001/DerivedDataCache/Compressed.ddp not found, will not use a pak cache.
[2019.01.23-16.34.54:174][  0]LogDerivedDataCache: Unable to find inner node CompressedPak for hierarchical cache Hierarchy.
[2019.01.23-16.34.54:190][  0]LogDerivedDataCache: Display: Pak cache opened for reading ../../../Engine/DerivedDataCache/Compressed.ddp.
[2019.01.23-16.34.54:203][  0]LogDerivedDataCache: Using Local data cache path C:/Users/u0849311/AppData/Local/UnrealEngine/Common/DerivedDataCache: Writable
[2019.01.23-16.34.54:203][  0]LogDerivedDataCache: Shared data cache path not found in *engine.ini, will not use an Shared cache.
[2019.01.23-16.34.54:203][  0]LogDerivedDataCache: Unable to find inner node Shared for hierarchical cache Hierarchy.
[2019.01.23-16.34.54:218][  0]LogMaterial: Verifying Global Shaders for PCD3D_SM5
[2019.01.23-16.34.54:219][  0]LogSlate: Using FreeType 2.6.0
[2019.01.23-16.34.54:235][  0]LogSlate: SlateFontServices - WITH_FREETYPE: 1, WITH_HARFBUZZ: 1
[2019.01.23-16.34.54:403][  0]LogAssetRegistry: FAssetRegistry took 0.0256 seconds to start up
[2019.01.23-16.34.54:672][  0]LogInit: Selected Device Profile: [Windows]
[2019.01.23-16.34.54:897][  0]LogSimplygon: Simplygon DLL not present - disabling.
[2019.01.23-16.34.54:901][  0]LogMeshReduction: Using SimplygonSwarm for distributed automatic mesh merging
[2019.01.23-16.34.54:901][  0]LogMeshReduction: Using ProxyLODMeshReduction for automatic mesh merging
[2019.01.23-16.34.54:901][  0]LogMeshReduction: Using QuadricMeshReduction for automatic static mesh reduction
[2019.01.23-16.34.54:901][  0]LogMeshReduction: No automatic skeletal mesh reduction module available
[2019.01.23-16.34.54:937][  0]LogNetVersion: CP_ICWhiteBox001 1.0.0, NetCL: 4212847, EngineNetVer: 5, GameNetVer: 0 (Checksum: 344683702)
[2019.01.23-16.34.55:940][  0]LogPackageLocalizationCache: Processed 11 localized package path(s) for 2 prioritized culture(s) in 0.090350 seconds
[2019.01.23-16.34.55:945][  0]LogUObjectArray: 38425 objects as part of root set at end of initial load.
[2019.01.23-16.34.55:945][  0]LogUObjectAllocator: 6690872 out of 0 bytes used by permanent object pool.
[2019.01.23-16.34.55:945][  0]LogUObjectArray: CloseDisregardForGC: 0/0 objects in disregard for GC pool
[2019.01.23-16.34.58:084][  0]LogTcpMessaging: Initializing TcpMessaging bridge
[2019.01.23-16.34.58:097][  0]LogUdpMessaging: Initializing bridge on interface 0.0.0.0:0 to multicast group 230.0.0.1:6666.
[2019.01.23-16.34.58:297][  0]SourceControl: Source control is disabled
[2019.01.23-16.34.58:297][  0]SourceControl: Source control is disabled
[2019.01.23-16.34.58:298][  0]SourceControl: Source control is disabled
[2019.01.23-16.34.58:299][  0]SourceControl: Source control is disabled
[2019.01.23-16.34.58:478][  0]LogAndroidPermission: UAndroidPermissionCallbackProxy::GetInstance
[2019.01.23-16.34.58:562][  0]LogOcInput: OculusInput pre-init called
[2019.01.23-16.34.58:639][  0]LogEngine: Initializing Engine...
[2019.01.23-16.34.58:639][  0]LogHMD: Failed to initialize OpenVR with code 110
[2019.01.23-16.34.58:640][  0]LogStats: UGameplayTagsManager::ConstructGameplayTagTree: ImportINI prefixes -  0.000 s
[2019.01.23-16.34.58:640][  0]LogStats: UGameplayTagsManager::ConstructGameplayTagTree: Construct from data asset -  0.000 s
[2019.01.23-16.34.58:640][  0]LogStats: UGameplayTagsManager::ConstructGameplayTagTree: ImportINI -  0.000 s
[2019.01.23-16.34.58:640][  0]LogStats: UGameplayTagsManager::ConstructGameplayTagTree: GameplayTagTreeChangedEvent.Broadcast -  0.000 s
[2019.01.23-16.34.59:006][  0]LogInit: Initializing FReadOnlyCVARCache
[2019.01.23-16.34.59:019][  0]LogAIModule: Creating AISystem for world Untitled
[2019.01.23-16.34.59:037][  0]LogInit: XAudio2 using '1 - CintiqPro24P (AMD High Definition Audio Device)' : 2 channels at 48 kHz using 16 bits per sample (channel mask 0x3)
[2019.01.23-16.34.59:064][  0]LogInit: FAudioDevice initialized.
[2019.01.23-16.34.59:065][  0]LogNetVersion: Set ProjectVersion to 1.0.0.0. Version Checksum will be recalculated on next use.
[2019.01.23-16.34.59:140][  0]LogDerivedDataCache: Saved boot cache 0.07s 71MB C:/Users/u0849311/AppData/Local/UnrealEngine/4.20/DerivedDataCache/Boot.ddc.
[2019.01.23-16.34.59:150][  0]LogInit: Texture streaming: Enabled
[2019.01.23-16.34.59:166][  0]LogEngineSessionManager: EngineSessionManager initialized
[2019.01.23-16.34.59:177][  0]LogInit: Transaction tracking system initialized
[2019.01.23-16.34.59:199][  0]BlueprintLog: New page: Editor Load
[2019.01.23-16.34.59:275][  0]LocalizationService: Localization service is disabled
[2019.01.23-16.34.59:737][  0]LogCook: Display: Max memory allowance for cook 16384mb min free memory 0mb
[2019.01.23-16.34.59:737][  0]LogCook: Display: Mobile HDR setting 1
[2019.01.23-16.34.59:737][  0]LogGameplayTags: Display: UGameplayTagsManager::DoneAddingNativeTags. DelegateIsBound: 0
[2019.01.23-16.34.59:737][  0]LogStats: UGameplayTagsManager::ConstructGameplayTagTree: ImportINI prefixes -  0.000 s
[2019.01.23-16.34.59:737][  0]LogStats: UGameplayTagsManager::ConstructGameplayTagTree: Construct from data asset -  0.000 s
[2019.01.23-16.34.59:737][  0]LogFileCache: Scanning file cache for directory 'C:/Users/u0849311/Documents/GitHub/CP_IC_WBox/CP_ICWhiteBox001/Content/' took 0.02s
[2019.01.23-16.34.59:737][  0]LogStats: UGameplayTagsManager::ConstructGameplayTagTree: ImportINI -  0.000 s
[2019.01.23-16.34.59:737][  0]LogStats: UGameplayTagsManager::ConstructGameplayTagTree: GameplayTagTreeChangedEvent.Broadcast -  0.000 s
[2019.01.23-16.34.59:909][  0]SourceControl: Source control is disabled
[2019.01.23-16.34.59:909][  0]Cmd: MAP LOAD FILE="../../../Engine/Content/Maps/Templates/Template_Default.umap" TEMPLATE=1 SHOWPROGRESS=1 FEATURELEVEL=3
[2019.01.23-16.34.59:914][  0]LightingResults: New page: Lighting Build
[2019.01.23-16.34.59:916][  0]MapCheck: New page: Map Check
[2019.01.23-16.34.59:916][  0]LightingResults: New page: Lighting Build
[2019.01.23-16.35.00:148][  0]LogAIModule: Creating AISystem for world Untitled_1
[2019.01.23-16.35.00:158][  0]LogEditorServer: Finished looking for orphan Actors (0.000 secs)
[2019.01.23-16.35.00:181][  0]Cmd: MAP CHECKDEP NOCLEARLOG
[2019.01.23-16.35.00:238][  0]MapCheck: Map check complete: 0 Error(s), 0 Warning(s), took 56.782ms to complete.
[2019.01.23-16.35.00:238][  0]LogFileHelpers: Loading map 'Template_Default' took 0.327
[2019.01.23-16.35.00:343][  0]LogSlate: Updating window title bar state: overlay mode, drag disabled, window buttons hidden, title bar hidden
[2019.01.23-16.35.00:349][  0]LogSlate: Updating window title bar state: overlay mode, drag disabled, window buttons hidden, title bar hidden
[2019.01.23-16.35.00:355][  0]LogSlate: Updating window title bar state: overlay mode, drag disabled, window buttons hidden, title bar hidden
[2019.01.23-16.35.00:362][  0]LogSlate: Updating window title bar state: overlay mode, drag disabled, window buttons hidden, title bar hidden
[2019.01.23-16.35.00:373][  0]LogCollectionManager: Loaded 0 collections in 0.001885 seconds
[2019.01.23-16.35.00:412][  0]LogFileCache: Scanning file cache for directory 'C:/Users/u0849311/Documents/GitHub/CP_IC_WBox/CP_ICWhiteBox001/Saved/Collections/' took 0.01s
[2019.01.23-16.35.00:412][  0]LogFileCache: Scanning file cache for directory 'C:/Users/u0849311/Documents/GitHub/CP_IC_WBox/CP_ICWhiteBox001/Content/Developers/u0849311/Collections/' took 0.01s
[2019.01.23-16.35.00:412][  0]LogFileCache: Scanning file cache for directory 'C:/Users/u0849311/Documents/GitHub/CP_IC_WBox/CP_ICWhiteBox001/Content/Collections/' took 0.01s
[2019.01.23-16.35.00:412][  0]LogCollectionManager: Rebuilt the GUID cache for 0 collections in 0.000000 seconds
[2019.01.23-16.35.00:419][  0]LogContentBrowser: Native class hierarchy populated in 0.0076 seconds. Added 2572 classes and 603 folders.
[2019.01.23-16.35.00:425][  0]LogContentBrowser: Native class hierarchy updated for 'WidgetCarousel' in 0.0002 seconds. Added 0 classes and 0 folders.
[2019.01.23-16.35.00:728][  0]LogContentBrowser: Native class hierarchy updated for 'AddContentDialog' in 0.0003 seconds. Added 0 classes and 0 folders.
[2019.01.23-16.35.00:733][  0]LogContentBrowser: Native class hierarchy updated for 'SceneOutliner' in 0.0003 seconds. Added 1 classes and 2 folders.
[2019.01.23-16.35.00:752][  0]LogSlate: Took 0.005284 seconds to synchronously load lazily loaded font '../../../Engine/Content/Slate/Fonts/Roboto-Regular.ttf' (155K)
[2019.01.23-16.35.00:757][  0]LogSlate: Took 0.003511 seconds to synchronously load lazily loaded font '../../../Engine/Content/Slate/Fonts/Roboto-Bold.ttf' (160K)
[2019.01.23-16.35.00:765][  0]LogSlate: Took 0.004390 seconds to synchronously load lazily loaded font '../../../Engine/Content/Editor/Slate/Fonts/FontAwesome.ttf' (139K)
[2019.01.23-16.35.00:857][  0]LogRenderer: Reallocating scene render targets to support 1208x576 Format 10 NumSamples 1 (Frame:1).
[2019.01.23-16.35.00:998][  0]LogContentBrowser: Native class hierarchy updated for 'HierarchicalLODOutliner' in 0.0005 seconds. Added 0 classes and 0 folders.
[2019.01.23-16.35.00:998][  0]LogLoad: (Engine Initialization) Total time: 14.86 seconds
[2019.01.23-16.35.00:998][  0]LogLoad: (Engine Initialization) Total Blueprint compile time: 0.00 seconds
[2019.01.23-16.35.01:027][  0]LogAssetRegistry: Asset discovery search completed in 6.6466 seconds
[2019.01.23-16.35.01:028][  0]LogCollectionManager: Rebuilt the object cache for 0 collections in 0.000000 seconds (found 0 objects)
[2019.01.23-16.35.01:028][  0]LogCollectionManager: Fixed up redirectors for 0 collections in 0.000037 seconds (updated 0 objects)
[2019.01.23-16.35.01:030][  0]LogContentStreaming: Texture pool size now 1000 MB
[2019.01.23-16.35.03:036][222]LogSlate: FSceneViewport::OnFocusLost() reason 0
[2019.01.23-16.35.03:195][240]LogSlate: Took 0.004150 seconds to synchronously load lazily loaded font '../../../Engine/Content/Slate/Fonts/Roboto-Light.ttf' (167K)
[2019.01.23-16.35.03:510][240]LogAIModule: Creating AISystem for world CP_CityWBox
[2019.01.23-16.35.03:592][240]LogAssetEditorManager: Opening Asset editor for World /Game/CP_CityWBox.CP_CityWBox
[2019.01.23-16.35.03:614][240]Cmd: MAP LOAD FILE="../../../../../../Users/u0849311/Documents/GitHub/CP_IC_WBox/CP_ICWhiteBox001/Content/CP_CityWBox.umap" TEMPLATE=0 SHOWPROGRESS=1 FEATURELEVEL=3
[2019.01.23-16.35.03:614][240]LightingResults: New page: Lighting Build
[2019.01.23-16.35.03:615][240]LoadErrors: New page: Loading map: CP_CityWBox.umap
[2019.01.23-16.35.03:615][240]MapCheck: New page: Map Check
[2019.01.23-16.35.03:615][240]LightingResults: New page: Lighting Build
[2019.01.23-16.35.03:662][240]LogEditorServer: Finished looking for orphan Actors (0.000 secs)
[2019.01.23-16.35.03:752][240]Cmd: MAP CHECKDEP NOCLEARLOG
[2019.01.23-16.35.03:812][240]MapCheck: Map check complete: 0 Error(s), 0 Warning(s), took 60.246ms to complete.
[2019.01.23-16.35.03:814][240]LogFileHelpers: Loading map 'CP_CityWBox' took 0.200
[2019.01.23-16.35.08:243][701]LogSlate: FSceneViewport::OnFocusLost() reason 0
[2019.01.23-16.35.43:426][728]Cmd: CAMERA ALIGN ACTIVEVIEWPORTONLY
[2019.01.23-16.35.54:286][923]Cmd: CAMERA ALIGN ACTIVEVIEWPORTONLY
[2019.01.23-16.36.01:808][679]Cmd: CAMERA ALIGN ACTIVEVIEWPORTONLY
[2019.01.23-16.36.09:555][465]Cmd: CAMERA ALIGN ACTIVEVIEWPORTONLY
[2019.01.23-16.36.17:607][310]Cmd: CAMERA ALIGN ACTIVEVIEWPORTONLY
[2019.01.23-16.36.24:706][ 21]Cmd: CAMERA ALIGN ACTIVEVIEWPORTONLY
[2019.01.23-16.36.31:925][754]Cmd: CAMERA ALIGN ACTIVEVIEWPORTONLY
[2019.01.23-16.37.02:701][201]Cmd: CAMERA ALIGN ACTIVEVIEWPORTONLY
[2019.01.23-16.37.16:446][554]Cmd: TRANSACTION UNDO
[2019.01.23-16.37.16:446][554]LogEditorTransaction: Undo Move Actors
[2019.01.23-16.37.16:701][554]LogActorComponent: ~FComponentReregisterContext: (/Game/CP_CityWBox.CP_CityWBox:PersistentLevel.BrushGround41.BrushComponent0) Component already registered.
[2019.01.23-16.37.16:705][554]LogActorComponent: ~FComponentReregisterContext: (/Game/CP_CityWBox.CP_CityWBox:PersistentLevel.BrushSdWlk42.BrushComponent0) Component already registered.
[2019.01.23-16.37.16:707][554]LogActorComponent: ~FComponentReregisterContext: (/Game/CP_CityWBox.CP_CityWBox:PersistentLevel.BrushStreet189.BrushComponent0) Component already registered.
[2019.01.23-16.37.16:710][554]LogActorComponent: ~FComponentReregisterContext: (/Game/CP_CityWBox.CP_CityWBox:PersistentLevel.BrushStreet162.BrushComponent0) Component already registered.
[2019.01.23-16.37.16:713][554]LogActorComponent: ~FComponentReregisterContext: (/Game/CP_CityWBox.CP_CityWBox:PersistentLevel.BrushSdWlk2_60.BrushComponent0) Component already registered.
[2019.01.23-16.37.16:746][554]LogActorComponent: ~FComponentReregisterContext: (/Game/CP_CityWBox.CP_CityWBox:PersistentLevel.BrushStreet85.BrushComponent0) Component already registered.
[2019.01.23-16.37.16:749][554]LogActorComponent: ~FComponentReregisterContext: (/Game/CP_CityWBox.CP_CityWBox:PersistentLevel.BrushStreet58.BrushComponent0) Component already registered.
[2019.01.23-16.37.27:996][634]Cmd: TRANSACTION UNDO
[2019.01.23-16.37.27:997][634]LogEditorTransaction: Undo Move Actors
[2019.01.23-16.37.28:259][634]LogActorComponent: ~FComponentReregisterContext: (/Game/CP_CityWBox.CP_CityWBox:PersistentLevel.BrushSdWlk78.BrushComponent0) Component already registered.
[2019.01.23-16.37.28:260][634]LogActorComponent: ~FComponentReregisterContext: (/Game/CP_CityWBox.CP_CityWBox:PersistentLevel.BrushGround81.BrushComponent0) Component already registered.
[2019.01.23-16.37.28:262][634]LogActorComponent: ~FComponentReregisterContext: (/Game/CP_CityWBox.CP_CityWBox:PersistentLevel.BrushStreet182.BrushComponent0) Component already registered.
[2019.01.23-16.37.28:263][634]LogActorComponent: ~FComponentReregisterContext: (/Game/CP_CityWBox.CP_CityWBox:PersistentLevel.BrushStreet180.BrushComponent0) Component already registered.
[2019.01.23-16.37.28:301][634]LogActorComponent: ~FComponentReregisterContext: (/Game/CP_CityWBox.CP_CityWBox:PersistentLevel.BrushStreet105.BrushComponent0) Component already registered.
[2019.01.23-16.37.28:301][634]LogActorComponent: ~FComponentReregisterContext: (/Game/CP_CityWBox.CP_CityWBox:PersistentLevel.BrushSdWlk39.BrushComponent0) Component already registered.
[2019.01.23-16.37.28:303][634]LogActorComponent: ~FComponentReregisterContext: (/Game/CP_CityWBox.CP_CityWBox:PersistentLevel.BrushStreet78.BrushComponent0) Component already registered.
[2019.01.23-16.37.28:304][634]LogActorComponent: ~FComponentReregisterContext: (/Game/CP_CityWBox.CP_CityWBox:PersistentLevel.BrushStreet76.BrushComponent0) Component already registered.
[2019.01.23-16.37.28:308][634]LogActorComponent: ~FComponentReregisterContext: (/Game/CP_CityWBox.CP_CityWBox:PersistentLevel.BoxBrush44.BrushComponent0) Component already registered.
[2019.01.23-16.37.28:320][634]LogActorComponent: ~FComponentReregisterContext: (/Game/CP_CityWBox.CP_CityWBox:PersistentLevel.BrushGround268.BrushComponent0) Component already registered.
[2019.01.23-16.37.28:321][634]LogActorComponent: ~FComponentReregisterContext: (/Game/CP_CityWBox.CP_CityWBox:PersistentLevel.BrushGround262.BrushComponent0) Component already registered.
[2019.01.23-16.37.28:323][634]LogActorComponent: ~FComponentReregisterContext: (/Game/CP_CityWBox.CP_CityWBox:PersistentLevel.BrushGround221.BrushComponent0) Component already registered.
[2019.01.23-16.37.28:324][634]LogActorComponent: ~FComponentReregisterContext: (/Game/CP_CityWBox.CP_CityWBox:PersistentLevel.BrushGround215.BrushComponent0) Component already registered.
[2019.01.23-16.37.35:058][198]Cmd: CAMERA ALIGN ACTIVEVIEWPORTONLY
[2019.01.23-16.38.04:392][147]Cmd: TRANSACTION UNDO
[2019.01.23-16.38.04:392][147]LogEditorTransaction: Undo Move Actors
[2019.01.23-16.38.04:664][147]LogActorComponent: ~FComponentReregisterContext: (/Game/CP_CityWBox.CP_CityWBox:PersistentLevel.BrushSdWlk71.BrushComponent0) Component already registered.
[2019.01.23-16.38.04:664][147]LogActorComponent: ~FComponentReregisterContext: (/Game/CP_CityWBox.CP_CityWBox:PersistentLevel.BrushGround60.BrushComponent0) Component already registered.
[2019.01.23-16.38.04:664][147]LogActorComponent: ~FComponentReregisterContext: (/Game/CP_CityWBox.CP_CityWBox:PersistentLevel.BrushStreet179.BrushComponent0) Component already registered.
[2019.01.23-16.38.04:667][147]LogActorComponent: ~FComponentReregisterContext: (/Game/CP_CityWBox.CP_CityWBox:PersistentLevel.BrushGround76.BrushComponent0) Component already registered.
[2019.01.23-16.38.04:667][147]LogActorComponent: ~FComponentReregisterContext: (/Game/CP_CityWBox.CP_CityWBox:PersistentLevel.BrushGround78.BrushComponent0) Component already registered.
[2019.01.23-16.38.04:667][147]LogActorComponent: ~FComponentReregisterContext: (/Game/CP_CityWBox.CP_CityWBox:PersistentLevel.BrushGround77.BrushComponent0) Component already registered.
[2019.01.23-16.38.04:668][147]LogActorComponent: ~FComponentReregisterContext: (/Game/CP_CityWBox.CP_CityWBox:PersistentLevel.BrushStreet159.BrushComponent0) Component already registered.
[2019.01.23-16.38.04:668][147]LogActorComponent: ~FComponentReregisterContext: (/Game/CP_CityWBox.CP_CityWBox:PersistentLevel.BrushStreet161.BrushComponent0) Component already registered.
[2019.01.23-16.38.04:668][147]LogActorComponent: ~FComponentReregisterContext: (/Game/CP_CityWBox.CP_CityWBox:PersistentLevel.BrushStreet160.BrushComponent0) Component already registered.
[2019.01.23-16.38.04:670][147]LogActorComponent: ~FComponentReregisterContext: (/Game/CP_CityWBox.CP_CityWBox:PersistentLevel.BrushGround57.BrushComponent0) Component already registered.
[2019.01.23-16.38.04:671][147]LogActorComponent: ~FComponentReregisterContext: (/Game/CP_CityWBox.CP_CityWBox:PersistentLevel.BrushStreet175.BrushComponent0) Component already registered.
[2019.01.23-16.38.04:671][147]LogActorComponent: ~FComponentReregisterContext: (/Game/CP_CityWBox.CP_CityWBox:PersistentLevel.BrushStreet177.BrushComponent0) Component already registered.
[2019.01.23-16.38.04:673][147]LogActorComponent: ~FComponentReregisterContext: (/Game/CP_CityWBox.CP_CityWBox:PersistentLevel.BrushGround180.BrushComponent0) Component already registered.
[2019.01.23-16.38.04:673][147]LogActorComponent: ~FComponentReregisterContext: (/Game/CP_CityWBox.CP_CityWBox:PersistentLevel.BrushGround176.BrushComponent0) Component already registered.
[2019.01.23-16.38.04:673][147]LogActorComponent: ~FComponentReregisterContext: (/Game/CP_CityWBox.CP_CityWBox:PersistentLevel.BrushGround182.BrushComponent0) Component already registered.
[2019.01.23-16.38.04:675][147]LogActorComponent: ~FComponentReregisterContext: (/Game/CP_CityWBox.CP_CityWBox:PersistentLevel.BrushGround211.BrushComponent0) Component already registered.
[2019.01.23-16.38.04:676][147]LogActorComponent: ~FComponentReregisterContext: (/Game/CP_CityWBox.CP_CityWBox:PersistentLevel.BrushGround213.BrushComponent0) Component already registered.
[2019.01.23-16.38.04:676][147]LogActorComponent: ~FComponentReregisterContext: (/Game/CP_CityWBox.CP_CityWBox:PersistentLevel.BrushGround212.BrushComponent0) Component already registered.
[2019.01.23-16.38.04:679][147]LogActorComponent: ~FComponentReregisterContext: (/Game/CP_CityWBox.CP_CityWBox:PersistentLevel.BrushGround101.BrushComponent0) Component already registered.
[2019.01.23-16.38.04:679][147]LogActorComponent: ~FComponentReregisterContext: (/Game/CP_CityWBox.CP_CityWBox:PersistentLevel.BrushGround97.BrushComponent0) Component already registered.
[2019.01.23-16.38.04:679][147]LogActorComponent: ~FComponentReregisterContext: (/Game/CP_CityWBox.CP_CityWBox:PersistentLevel.BrushGround140.BrushComponent0) Component already registered.
[2019.01.23-16.38.04:679][147]LogActorComponent: ~FComponentReregisterContext: (/Game/CP_CityWBox.CP_CityWBox:PersistentLevel.BrushGround142.BrushComponent0) Component already registered.
[2019.01.23-16.38.04:679][147]LogActorComponent: ~FComponentReregisterContext: (/Game/CP_CityWBox.CP_CityWBox:PersistentLevel.BrushGround141.BrushComponent0) Component already registered.
[2019.01.23-16.38.04:679][147]LogActorComponent: ~FComponentReregisterContext: (/Game/CP_CityWBox.CP_CityWBox:PersistentLevel.BrushGround136.BrushComponent0) Component already registered.
[2019.01.23-16.38.04:680][147]LogActorComponent: ~FComponentReregisterContext: (/Game/CP_CityWBox.CP_CityWBox:PersistentLevel.BrushGround138.BrushComponent0) Component already registered.
[2019.01.23-16.38.04:680][147]LogActorComponent: ~FComponentReregisterContext: (/Game/CP_CityWBox.CP_CityWBox:PersistentLevel.BrushGround137.BrushComponent0) Component already registered.
[2019.01.23-16.38.04:681][147]LogActorComponent: ~FComponentReregisterContext: (/Game/CP_CityWBox.CP_CityWBox:PersistentLevel.BrushGround132.BrushComponent0) Component already registered.
[2019.01.23-16.38.04:681][147]LogActorComponent: ~FComponentReregisterContext: (/Game/CP_CityWBox.CP_CityWBox:PersistentLevel.BrushGround134.BrushComponent0) Component already registered.
[2019.01.23-16.38.04:681][147]LogActorComponent: ~FComponentReregisterContext: (/Game/CP_CityWBox.CP_CityWBox:PersistentLevel.BrushGround133.BrushComponent0) Component already registered.
[2019.01.23-16.38.04:682][147]LogActorComponent: ~FComponentReregisterContext: (/Game/CP_CityWBox.CP_CityWBox:PersistentLevel.BrushStreet54.BrushComponent0) Component already registered.
[2019.01.23-16.38.04:682][147]LogActorComponent: ~FComponentReregisterContext: (/Game/CP_CityWBox.CP_CityWBox:PersistentLevel.BrushGround7.BrushComponent0) Component already registered.
[2019.01.23-16.38.04:683][147]LogActorComponent: ~FComponentReregisterContext: (/Game/CP_CityWBox.CP_CityWBox:PersistentLevel.BrushStreet56.BrushComponent0) Component already registered.
[2019.01.23-16.38.04:685][147]LogActorComponent: ~FComponentReregisterContext: (/Game/CP_CityWBox.CP_CityWBox:PersistentLevel.BrushSdWlk27.BrushComponent0) Component already registered.
[2019.01.23-16.38.04:685][147]LogActorComponent: ~FComponentReregisterContext: (/Game/CP_CityWBox.CP_CityWBox:PersistentLevel.BrushGround16.BrushComponent0) Component already registered.
[2019.01.23-16.38.04:685][147]LogActorComponent: ~FComponentReregisterContext: (/Game/CP_CityWBox.CP_CityWBox:PersistentLevel.BrushGround15.BrushComponent0) Component already registered.
[2019.01.23-16.38.04:727][147]LogActorComponent: ~FComponentReregisterContext: (/Game/CP_CityWBox.CP_CityWBox:PersistentLevel.BrushStreet3.BrushComponent0) Component already registered.
[2019.01.23-16.38.04:728][147]LogActorComponent: ~FComponentReregisterContext: (/Game/CP_CityWBox.CP_CityWBox:PersistentLevel.BrushSdWlk1_58.BrushComponent0) Component already registered.
[2019.01.23-16.38.04:728][147]LogActorComponent: ~FComponentReregisterContext: (/Game/CP_CityWBox.CP_CityWBox:PersistentLevel.BrushSdWlk3_63.BrushComponent0) Component already registered.
[2019.01.23-16.38.04:728][147]LogActorComponent: ~FComponentReregisterContext: (/Game/CP_CityWBox.CP_CityWBox:PersistentLevel.BrushSdWlk2_60.BrushComponent0) Component already registered.
[2019.01.23-16.38.04:728][147]LogActorComponent: ~FComponentReregisterContext: (/Game/CP_CityWBox.CP_CityWBox:PersistentLevel.BrushStreet38.BrushComponent0) Component already registered.
[2019.01.23-16.38.04:728][147]LogActorComponent: ~FComponentReregisterContext: (/Game/CP_CityWBox.CP_CityWBox:PersistentLevel.BrushStreet40.BrushComponent0) Component already registered.
[2019.01.23-16.38.04:729][147]LogActorComponent: ~FComponentReregisterContext: (/Game/CP_CityWBox.CP_CityWBox:PersistentLevel.BrushStreet39.BrushComponent0) Component already registered.
[2019.01.23-16.38.04:730][147]LogActorComponent: ~FComponentReregisterContext: (/Game/CP_CityWBox.CP_CityWBox:PersistentLevel.BrushStreet34.BrushComponent0) Component already registered.
[2019.01.23-16.38.04:730][147]LogActorComponent: ~FComponentReregisterContext: (/Game/CP_CityWBox.CP_CityWBox:PersistentLevel.BrushStreet36.BrushComponent0) Component already registered.
[2019.01.23-16.38.04:730][147]LogActorComponent: ~FComponentReregisterContext: (/Game/CP_CityWBox.CP_CityWBox:PersistentLevel.BrushStreet35.BrushComponent0) Component already registered.
[2019.01.23-16.38.04:730][147]LogActorComponent: ~FComponentReregisterContext: (/Game/CP_CityWBox.CP_CityWBox:PersistentLevel.BrushStreet120.BrushComponent0) Component already registered.
[2019.01.23-16.38.04:731][147]LogActorComponent: ~FComponentReregisterContext: (/Game/CP_CityWBox.CP_CityWBox:PersistentLevel.BrushSdWlk46.BrushComponent0) Component already registered.
[2019.01.23-16.38.04:731][147]LogActorComponent: ~FComponentReregisterContext: (/Game/CP_CityWBox.CP_CityWBox:PersistentLevel.BrushStreet121.BrushComponent0) Component already registered.
[2019.01.23-16.38.04:731][147]LogActorComponent: ~FComponentReregisterContext: (/Game/CP_CityWBox.CP_CityWBox:PersistentLevel.BrushGround34.BrushComponent0) Component already registered.
[2019.01.23-16.38.04:731][147]LogActorComponent: ~FComponentReregisterContext: (/Game/CP_CityWBox.CP_CityWBox:PersistentLevel.BrushStreet118.BrushComponent0) Component already registered.
[2019.01.23-16.38.04:731][147]LogActorComponent: ~FComponentReregisterContext: (/Game/CP_CityWBox.CP_CityWBox:PersistentLevel.BrushStreet117.BrushComponent0) Component already registered.
[2019.01.23-16.38.04:732][147]LogActorComponent: ~FComponentReregisterContext: (/Game/CP_CityWBox.CP_CityWBox:PersistentLevel.BrushStreet116.BrushComponent0) Component already registered.
[2019.01.23-16.38.04:732][147]LogActorComponent: ~FComponentReregisterContext: (/Game/CP_CityWBox.CP_CityWBox:PersistentLevel.BrushSdWlk45.BrushComponent0) Component already registered.
[2019.01.23-16.38.04:732][147]LogActorComponent: ~FComponentReregisterContext: (/Game/CP_CityWBox.CP_CityWBox:PersistentLevel.BrushSdWlk44.BrushComponent0) Component already registered.
[2019.01.23-16.38.04:732][147]LogActorComponent: ~FComponentReregisterContext: (/Game/CP_CityWBox.CP_CityWBox:PersistentLevel.BrushGround42.BrushComponent0) Component already registered.
[2019.01.23-16.38.04:732][147]LogActorComponent: ~FComponentReregisterContext: (/Game/CP_CityWBox.CP_CityWBox:PersistentLevel.BrushStreet138.BrushComponent0) Component already registered.
[2019.01.23-16.38.04:733][147]LogActorComponent: ~FComponentReregisterContext: (/Game/CP_CityWBox.CP_CityWBox:PersistentLevel.BrushStreet136.BrushComponent0) Component already registered.
[2019.01.23-16.38.04:733][147]LogActorComponent: ~FComponentReregisterContext: (/Game/CP_CityWBox.CP_CityWBox:PersistentLevel.BrushStreet132.BrushComponent0) Component already registered.
[2019.01.23-16.38.04:734][147]LogActorComponent: ~FComponentReregisterContext: (/Game/CP_CityWBox.CP_CityWBox:PersistentLevel.BrushStreet134.BrushComponent0) Component already registered.
[2019.01.23-16.38.04:734][147]LogActorComponent: ~FComponentReregisterContext: (/Game/CP_CityWBox.CP_CityWBox:PersistentLevel.BrushSdWlk50.BrushComponent0) Component already registered.
[2019.01.23-16.38.04:735][147]LogActorComponent: ~FComponentReregisterContext: (/Game/CP_CityWBox.CP_CityWBox:PersistentLevel.BrushSdWlk28.BrushComponent0) Component already registered.
[2019.01.23-16.38.04:735][147]LogActorComponent: ~FComponentReregisterContext: (/Game/CP_CityWBox.CP_CityWBox:PersistentLevel.BrushGround17.BrushComponent0) Component already registered.
[2019.01.23-16.38.04:735][147]LogActorComponent: ~FComponentReregisterContext: (/Game/CP_CityWBox.CP_CityWBox:PersistentLevel.BrushSdWlk29.BrushComponent0) Component already registered.
[2019.01.23-16.38.04:735][147]LogActorComponent: ~FComponentReregisterContext: (/Game/CP_CityWBox.CP_CityWBox:PersistentLevel.BrushStreet73.BrushComponent0) Component already registered.
[2019.01.23-16.38.04:735][147]LogActorComponent: ~FComponentReregisterContext: (/Game/CP_CityWBox.CP_CityWBox:PersistentLevel.BrushStreet72.BrushComponent0) Component already registered.
[2019.01.23-16.38.04:735][147]LogActorComponent: ~FComponentReregisterContext: (/Game/CP_CityWBox.CP_CityWBox:PersistentLevel.BrushStreet75.BrushComponent0) Component already registered.
[2019.01.23-16.38.04:735][147]LogActorComponent: ~FComponentReregisterContext: (/Game/CP_CityWBox.CP_CityWBox:PersistentLevel.BrushStreet74.BrushComponent0) Component already registered.
[2019.01.23-16.38.04:737][147]LogActorComponent: ~FComponentReregisterContext: (/Game/CP_CityWBox.CP_CityWBox:PersistentLevel.BrushStreet93.BrushComponent0) Component already registered.
[2019.01.23-16.38.04:737][147]LogActorComponent: ~FComponentReregisterContext: (/Game/CP_CityWBox.CP_CityWBox:PersistentLevel.BrushStreet95.BrushComponent0) Component already registered.
[2019.01.23-16.38.04:737][147]LogActorComponent: ~FComponentReregisterContext: (/Game/CP_CityWBox.CP_CityWBox:PersistentLevel.BrushSdWlk35.BrushComponent0) Component already registered.
[2019.01.23-16.38.04:738][147]LogActorComponent: ~FComponentReregisterContext: (/Game/CP_CityWBox.CP_CityWBox:PersistentLevel.BrushGround298.BrushComponent0) Component already registered.
[2019.01.23-16.38.04:738][147]LogActorComponent: ~FComponentReregisterContext: (/Game/CP_CityWBox.CP_CityWBox:PersistentLevel.BrushGround300.BrushComponent0) Component already registered.
[2019.01.23-16.38.04:738][147]LogActorComponent: ~FComponentReregisterContext: (/Game/CP_CityWBox.CP_CityWBox:PersistentLevel.BrushGround299.BrushComponent0) Component already registered.
[2019.01.23-16.38.04:738][147]LogActorComponent: ~FComponentReregisterContext: (/Game/CP_CityWBox.CP_CityWBox:PersistentLevel.BrushGround294.BrushComponent0) Component already registered.
[2019.01.23-16.38.04:738][147]LogActorComponent: ~FComponentReregisterContext: (/Game/CP_CityWBox.CP_CityWBox:PersistentLevel.BrushGround296.BrushComponent0) Component already registered.
[2019.01.23-16.38.04:738][147]LogActorComponent: ~FComponentReregisterContext: (/Game/CP_CityWBox.CP_CityWBox:PersistentLevel.BrushGround295.BrushComponent0) Component already registered.
[2019.01.23-16.38.04:739][147]LogActorComponent: ~FComponentReregisterContext: (/Game/CP_CityWBox.CP_CityWBox:PersistentLevel.BrushGround290.BrushComponent0) Component already registered.
[2019.01.23-16.38.04:739][147]LogActorComponent: ~FComponentReregisterContext: (/Game/CP_CityWBox.CP_CityWBox:PersistentLevel.BrushGround292.BrushComponent0) Component already registered.
[2019.01.23-16.38.04:739][147]LogActorComponent: ~FComponentReregisterContext: (/Game/CP_CityWBox.CP_CityWBox:PersistentLevel.BrushGround291.BrushComponent0) Component already registered.
[2019.01.23-16.38.04:740][147]LogActorComponent: ~FComponentReregisterContext: (/Game/CP_CityWBox.CP_CityWBox:PersistentLevel.BoxBrush6.BrushComponent0) Component already registered.
[2019.01.23-16.38.04:740][147]LogActorComponent: ~FComponentReregisterContext: (/Game/CP_CityWBox.CP_CityWBox:PersistentLevel.BoxBrush8.BrushComponent0) Component already registered.
[2019.01.23-16.38.04:740][147]LogActorComponent: ~FComponentReregisterContext: (/Game/CP_CityWBox.CP_CityWBox:PersistentLevel.BoxBrush2.BrushComponent0) Component already registered.
[2019.01.23-16.38.04:741][147]LogActorComponent: ~FComponentReregisterContext: (/Game/CP_CityWBox.CP_CityWBox:PersistentLevel.BrushGround322.BrushComponent0) Component already registered.
[2019.01.23-16.38.04:741][147]LogActorComponent: ~FComponentReregisterContext: (/Game/CP_CityWBox.CP_CityWBox:PersistentLevel.BrushGround324.BrushComponent0) Component already registered.
[2019.01.23-16.38.04:741][147]LogActorComponent: ~FComponentReregisterContext: (/Game/CP_CityWBox.CP_CityWBox:PersistentLevel.BrushGround318.BrushComponent0) Component already registered.
[2019.01.23-16.38.04:742][147]LogActorComponent: ~FComponentReregisterContext: (/Game/CP_CityWBox.CP_CityWBox:PersistentLevel.BrushGround219.BrushComponent0) Component already registered.
[2019.01.23-16.38.04:742][147]LogActorComponent: ~FComponentReregisterContext: (/Game/CP_CityWBox.CP_CityWBox:PersistentLevel.BrushGround221.BrushComponent0) Component already registered.
[2019.01.23-16.38.04:742][147]LogActorComponent: ~FComponentReregisterContext: (/Game/CP_CityWBox.CP_CityWBox:PersistentLevel.BrushGround220.BrushComponent0) Component already registered.
[2019.01.23-16.38.04:742][147]LogActorComponent: ~FComponentReregisterContext: (/Game/CP_CityWBox.CP_CityWBox:PersistentLevel.BrushGround215.BrushComponent0) Component already registered.
[2019.01.23-16.38.04:742][147]LogActorComponent: ~FComponentReregisterContext: (/Game/CP_CityWBox.CP_CityWBox:PersistentLevel.BrushGround214.BrushComponent0) Component already registered.
[2019.01.23-16.38.04:743][147]LogActorComponent: ~FComponentReregisterContext: (/Game/CP_CityWBox.CP_CityWBox:PersistentLevel.BrushGround217.BrushComponent0) Component already registered.
[2019.01.23-16.38.04:743][147]LogActorComponent: ~FComponentReregisterContext: (/Game/CP_CityWBox.CP_CityWBox:PersistentLevel.BrushGround216.BrushComponent0) Component already registered.
[2019.01.23-16.38.04:744][147]LogActorComponent: ~FComponentReregisterContext: (/Game/CP_CityWBox.CP_CityWBox:PersistentLevel.BrushGround251.BrushComponent0) Component already registered.
[2019.01.23-16.38.04:744][147]LogActorComponent: ~FComponentReregisterContext: (/Game/CP_CityWBox.CP_CityWBox:PersistentLevel.BrushGround253.BrushComponent0) Component already registered.
[2019.01.23-16.38.04:744][147]LogActorComponent: ~FComponentReregisterContext: (/Game/CP_CityWBox.CP_CityWBox:PersistentLevel.BrushGround247.BrushComponent0) Component already registered.
[2019.01.23-16.38.04:745][147]LogActorComponent: ~FComponentReregisterContext: (/Game/CP_CityWBox.CP_CityWBox:PersistentLevel.BoxBrush88.BrushComponent0) Component already registered.
[2019.01.23-16.38.04:745][147]LogActorComponent: ~FComponentReregisterContext: (/Game/CP_CityWBox.CP_CityWBox:PersistentLevel.BoxBrush90.BrushComponent0) Component already registered.
[2019.01.23-16.38.04:745][147]LogActorComponent: ~FComponentReregisterContext: (/Game/CP_CityWBox.CP_CityWBox:PersistentLevel.BoxBrush89.BrushComponent0) Component already registered.
[2019.01.23-16.38.04:748][147]LogActorComponent: ~FComponentReregisterContext: (/Game/CP_CityWBox.CP_CityWBox:PersistentLevel.ConeBrush12.BrushComponent0) Component already registered.
[2019.01.23-16.38.04:748][147]LogActorComponent: ~FComponentReregisterContext: (/Game/CP_CityWBox.CP_CityWBox:PersistentLevel.BoxBrush94.BrushComponent0) Component already registered.
[2019.01.23-16.38.04:748][147]LogActorComponent: ~FComponentReregisterContext: (/Game/CP_CityWBox.CP_CityWBox:PersistentLevel.BoxBrush93.BrushComponent0) Component already registered.
[2019.01.23-16.38.04:748][147]LogActorComponent: ~FComponentReregisterContext: (/Game/CP_CityWBox.CP_CityWBox:PersistentLevel.BoxBrush92.BrushComponent0) Component already registered.
[2019.01.23-16.38.04:748][147]LogActorComponent: ~FComponentReregisterContext: (/Game/CP_CityWBox.CP_CityWBox:PersistentLevel.BoxBrush91.BrushComponent0) Component already registered.
[2019.01.23-16.38.04:748][147]LogActorComponent: ~FComponentReregisterContext: (/Game/CP_CityWBox.CP_CityWBox:PersistentLevel.ConeBrush11.BrushComponent0) Component already registered.
[2019.01.23-16.38.04:748][147]LogActorComponent: ~FComponentReregisterContext: (/Game/CP_CityWBox.CP_CityWBox:PersistentLevel.CylinderBrush11.BrushComponent0) Component already registered.
[2019.01.23-16.38.04:749][147]LogActorComponent: ~FComponentReregisterContext: (/Game/CP_CityWBox.CP_CityWBox:PersistentLevel.BoxBrush37.BrushComponent0) Component already registered.
[2019.01.23-16.38.04:749][147]LogActorComponent: ~FComponentReregisterContext: (/Game/CP_CityWBox.CP_CityWBox:PersistentLevel.BoxBrush39.BrushComponent0) Component already registered.
[2019.01.23-16.38.04:749][147]LogActorComponent: ~FComponentReregisterContext: (/Game/CP_CityWBox.CP_CityWBox:PersistentLevel.BoxBrush38.BrushComponent0) Component already registered.
[2019.01.23-16.38.04:749][147]LogActorComponent: ~FComponentReregisterContext: (/Game/CP_CityWBox.CP_CityWBox:PersistentLevel.BoxBrush33.BrushComponent0) Component already registered.
[2019.01.23-16.38.04:750][147]LogActorComponent: ~FComponentReregisterContext: (/Game/CP_CityWBox.CP_CityWBox:PersistentLevel.BoxBrush35.BrushComponent0) Component already registered.
[2019.01.23-16.38.04:750][147]LogActorComponent: ~FComponentReregisterContext: (/Game/CP_CityWBox.CP_CityWBox:PersistentLevel.BoxBrush34.BrushComponent0) Component already registered.
[2019.01.23-16.38.04:751][147]LogActorComponent: ~FComponentReregisterContext: (/Game/CP_CityWBox.CP_CityWBox:PersistentLevel.BoxBrush17_36.BrushComponent0) Component already registered.
[2019.01.23-16.38.04:751][147]LogActorComponent: ~FComponentReregisterContext: (/Game/CP_CityWBox.CP_CityWBox:PersistentLevel.BoxBrush31.BrushComponent0) Component already registered.
[2019.01.23-16.38.04:751][147]LogActorComponent: ~FComponentReregisterContext: (/Game/CP_CityWBox.CP_CityWBox:PersistentLevel.BoxBrush30.BrushComponent0) Component already registered.
[2019.01.23-16.38.04:751][147]LogActorComponent: ~FComponentReregisterContext: (/Game/CP_CityWBox.CP_CityWBox:PersistentLevel.BoxBrush77.BrushComponent0) Component already registered.
[2019.01.23-16.38.04:752][147]LogActorComponent: ~FComponentReregisterContext: (/Game/CP_CityWBox.CP_CityWBox:PersistentLevel.BoxBrush73.BrushComponent0) Component already registered.
[2019.01.23-16.38.34:674][367]LogEditorViewport: Clicking on Actor (LMB): BP_Sky_Sphere_C (Sky Sphere)
[2019.01.23-16.38.40:341][ 37]LogSlate: FSceneViewport::OnFocusLost() reason 0
[2019.01.23-16.38.44:089][448]Cmd: BRUSH ADD SELECTNEWBRUSH
[2019.01.23-16.38.46:472][641]Cmd: TRANSACTION UNDO
[2019.01.23-16.38.46:472][641]LogEditorTransaction: Undo Brush Add
[2019.01.23-16.38.47:668][716]LogSlate: FSceneViewport::OnFocusLost() reason 0
[2019.01.23-16.38.54:820][464]Cmd: BRUSH ADD SELECTNEWBRUSH
[2019.01.23-16.38.56:014][581]Cmd: TRANSACTION UNDO
[2019.01.23-16.38.56:014][581]LogEditorTransaction: Undo Brush Add
[2019.01.23-16.38.56:623][619]LogSlate: FSceneViewport::OnFocusLost() reason 0
[2019.01.23-16.38.58:559][788]Cmd: BRUSH ADD SELECTNEWBRUSH
[2019.01.23-16.38.59:257][839]Cmd: CAMERA ALIGN ACTIVEVIEWPORTONLY
[2019.01.23-16.39.04:302][430]LogSlate: FSceneViewport::OnFocusLost() reason 0
[2019.01.23-16.39.23:485][381]LogSlate: FSceneViewport::OnFocusLost() reason 0
[2019.01.23-16.39.34:452][432]LogSlate: FSceneViewport::OnFocusLost() reason 0
[2019.01.23-16.39.48:981][909]LogEditorViewport: Clicking on Actor (LMB): BP_Sky_Sphere_C (Sky Sphere2)
[2019.01.23-16.39.56:430][774]LogSlate: FSceneViewport::OnFocusLost() reason 0
[2019.01.23-16.39.56:538][785]Cmd: OBJ SAVEPACKAGE PACKAGE="/Game/CP_CityWBox" FILE="../../../../../../Users/u0849311/Documents/GitHub/CP_IC_WBox/CP_ICWhiteBox001/Content/CP_CityWBox.umap" SILENT=true AUTOSAVING=false KEEPDIRTY=false
[2019.01.23-16.39.57:801][785]LogSavePackage: Moving '../../../../../../Users/u0849311/Documents/GitHub/CP_IC_WBox/CP_ICWhiteBox001/Saved/CP_CityWBoxBE290EA9433E981E5B7E15BDC4288BEB.tmp' to '../../../../../../Users/u0849311/Documents/GitHub/CP_IC_WBox/CP_ICWhiteBox001/Content/CP_CityWBox.umap'
[2019.01.23-16.39.57:849][785]Cmd: OBJ SAVEPACKAGE PACKAGE="/Game/CP_CityWBox_BuiltData" FILE="../../../../../../Users/u0849311/Documents/GitHub/CP_IC_WBox/CP_ICWhiteBox001/Content/CP_CityWBox_BuiltData.uasset" SILENT=true
[2019.01.23-16.39.57:940][785]LogSavePackage: Moving '../../../../../../Users/u0849311/Documents/GitHub/CP_IC_WBox/CP_ICWhiteBox001/Saved/CP_CityWBox_BuiltData2FB6B34844FDA89B2C5159A33594EA0E.tmp' to '../../../../../../Users/u0849311/Documents/GitHub/CP_IC_WBox/CP_ICWhiteBox001/Content/CP_CityWBox_BuiltData.uasset'
[2019.01.23-16.40.38:429][630]Cmd: CAMERA ALIGN ACTIVEVIEWPORTONLY
[2019.01.23-16.41.04:499][714]LogSlate: FSceneViewport::OnFocusLost() reason 0
[2019.01.23-16.41.04:624][727]Cmd: OBJ SAVEPACKAGE PACKAGE="/Game/CP_CityWBox" FILE="../../../../../../Users/u0849311/Documents/GitHub/CP_IC_WBox/CP_ICWhiteBox001/Content/CP_CityWBox.umap" SILENT=true AUTOSAVING=false KEEPDIRTY=false
[2019.01.23-16.41.05:785][727]LogSavePackage: Moving '../../../../../../Users/u0849311/Documents/GitHub/CP_IC_WBox/CP_ICWhiteBox001/Saved/CP_CityWBox3C700D9146AD3D02933905AA182CD422.tmp' to '../../../../../../Users/u0849311/Documents/GitHub/CP_IC_WBox/CP_ICWhiteBox001/Content/CP_CityWBox.umap'
[2019.01.23-16.41.05:812][727]Cmd: OBJ SAVEPACKAGE PACKAGE="/Game/CP_CityWBox_BuiltData" FILE="../../../../../../Users/u0849311/Documents/GitHub/CP_IC_WBox/CP_ICWhiteBox001/Content/CP_CityWBox_BuiltData.uasset" SILENT=true
[2019.01.23-16.41.05:877][727]LogSavePackage: Moving '../../../../../../Users/u0849311/Documents/GitHub/CP_IC_WBox/CP_ICWhiteBox001/Saved/CP_CityWBox_BuiltData9C2BC78B4134F0FDCD9162AEC93FAF3D.tmp' to '../../../../../../Users/u0849311/Documents/GitHub/CP_IC_WBox/CP_ICWhiteBox001/Content/CP_CityWBox_BuiltData.uasset'
[2019.01.23-16.41.06:559][798]LogSlate: Window 'CP_ICWhiteBox001 - Unreal Editor' being destroyed
[2019.01.23-16.41.06:767][799]Cmd: QUIT_EDITOR
[2019.01.23-16.41.06:781][799]LogWindowsTextInputMethodSystem: Display: IME system now deactivated.
[2019.01.23-16.41.06:796][799]LogExit: Preparing to exit.
[2019.01.23-16.41.07:319][799]LogExit: Editor shut down
[2019.01.23-16.41.07:319][799]LogExit: Transaction tracking system shut down
[2019.01.23-16.41.07:755][799]LogExit: Object subsystem successfully closed.
[2019.01.23-16.41.07:770][799]LogShaderCompilers: Display: Shaders left to compile 0
[2019.01.23-16.41.07:772][799]LogD3D11RHI: Shutdown
[2019.01.23-16.41.07:773][799]LogD3D11RHI: CleanupD3DDevice
[2019.01.23-16.41.07:777][799]LogD3D11RHI: ~FD3D11DynamicRHI
[2019.01.23-16.41.07:797][799]LogModuleManager: Shutting down and abandoning module HierarchicalLODOutliner (612)
[2019.01.23-16.41.07:797][799]LogModuleManager: Shutting down and abandoning module SceneOutliner (610)
[2019.01.23-16.41.07:797][799]LogModuleManager: Shutting down and abandoning module AddContentDialog (608)
[2019.01.23-16.41.07:799][799]LogModuleManager: Shutting down and abandoning module WidgetCarousel (607)
[2019.01.23-16.41.07:799][799]LogModuleManager: Shutting down and abandoning module EditorWidgets (604)
[2019.01.23-16.41.07:799][799]LogModuleManager: Shutting down and abandoning module CollectionManager (602)
[2019.01.23-16.41.07:800][799]LogModuleManager: Shutting down and abandoning module HierarchicalLODUtilities (600)
[2019.01.23-16.41.07:800][799]LogModuleManager: Shutting down and abandoning module StatsViewer (598)
[2019.01.23-16.41.07:800][799]LogModuleManager: Shutting down and abandoning module FoliageEdit (596)
[2019.01.23-16.41.07:800][799]LogModuleManager: Shutting down and abandoning module LandscapeEditor (594)
[2019.01.23-16.41.07:800][799]LogModuleManager: Shutting down and abandoning module MeshPaintMode (592)
[2019.01.23-16.41.07:800][799]LogModuleManager: Shutting down and abandoning module SceneDepthPickerMode (590)
[2019.01.23-16.41.07:800][799]LogModuleManager: Shutting down and abandoning module ActorPickerMode (588)
[2019.01.23-16.41.07:800][799]LogModuleManager: Shutting down and abandoning module GeometryMode (586)
[2019.01.23-16.41.07:800][799]LogModuleManager: Shutting down and abandoning module TextureAlignMode (584)
[2019.01.23-16.41.07:800][799]LogModuleManager: Shutting down and abandoning module BspMode (582)
[2019.01.23-16.41.07:800][799]LogModuleManager: Shutting down and abandoning module PIEPreviewDeviceProfileSelector (580)
[2019.01.23-16.41.07:800][799]LogModuleManager: Shutting down and abandoning module SequenceRecorderSections (578)
[2019.01.23-16.41.07:800][799]LogModuleManager: Shutting down and abandoning module AutomationWorker (576)
[2019.01.23-16.41.07:800][799]LogModuleManager: Shutting down and abandoning module AudioCaptureEditor (574)
[2019.01.23-16.41.07:800][799]LogModuleManager: Shutting down and abandoning module SequenceRecorder (573)
[2019.01.23-16.41.07:800][799]LogModuleManager: Shutting down and abandoning module MatineeToLevelSequence (570)
[2019.01.23-16.41.07:800][799]LogModuleManager: Shutting down and abandoning module LevelSequenceEditor (568)
[2019.01.23-16.41.07:800][799]LogModuleManager: Shutting down and abandoning module PlacementMode (567)
[2019.01.23-16.41.07:800][799]LogModuleManager: Shutting down and abandoning module MaterialEditor (566)
[2019.01.23-16.41.07:800][799]LogModuleManager: Shutting down and abandoning module WmfMediaFactory (562)
[2019.01.23-16.41.07:800][799]LogModuleManager: Shutting down and abandoning module WmfMediaEditor (560)
[2019.01.23-16.41.07:800][799]LogModuleManager: Shutting down and abandoning module MediaPlayerEditor (558)
[2019.01.23-16.41.07:800][799]LogModuleManager: Shutting down and abandoning module OpenExrWrapper (556)
[2019.01.23-16.41.07:800][799]LogModuleManager: Shutting down and abandoning module ImgMediaFactory (554)
[2019.01.23-16.41.07:800][799]LogModuleManager: Shutting down and abandoning module ImgMediaEditor (552)
[2019.01.23-16.41.07:800][799]LogModuleManager: Shutting down and abandoning module AvfMediaFactory (550)
[2019.01.23-16.41.07:800][799]LogModuleManager: Shutting down and abandoning module AvfMediaEditor (548)
[2019.01.23-16.41.07:800][799]LogModuleManager: Shutting down and abandoning module AndroidMediaFactory (546)
[2019.01.23-16.41.07:800][799]LogModuleManager: Shutting down and abandoning module AndroidMediaEditor (544)
[2019.01.23-16.41.07:800][799]LogModuleManager: Shutting down and abandoning module MagicLeapCameraPreviewFactory (542)
[2019.01.23-16.41.07:800][799]LogModuleManager: Shutting down and abandoning module MagicLeapMediaFactory (540)
[2019.01.23-16.41.07:800][799]LogModuleManager: Shutting down and abandoning module MagicLeapMediaEditor (538)
[2019.01.23-16.41.07:800][799]LogModuleManager: Shutting down and abandoning module CharacterAI (536)
[2019.01.23-16.41.07:800][799]LogModuleManager: Shutting down and abandoning module SmartSnapping (534)
[2019.01.23-16.41.07:800][799]LogModuleManager: Shutting down and abandoning module SessionServices (532)
[2019.01.23-16.41.07:800][799]LogModuleManager: Shutting down and abandoning module ViewportSnapping (530)
[2019.01.23-16.41.07:800][799]LogModuleManager: Shutting down and abandoning module ViewportInteraction (528)
[2019.01.23-16.41.07:800][799]LogModuleManager: Shutting down and abandoning module ClothPainter (526)
[2019.01.23-16.41.07:800][799]LogModuleManager: Shutting down and abandoning module SkeletalMeshEditor (525)
[2019.01.23-16.41.07:801][799]LogModuleManager: Shutting down and abandoning module LogVisualizer (522)
[2019.01.23-16.41.07:801][799]LogModuleManager: Shutting down and abandoning module IntroTutorials (520)
[2019.01.23-16.41.07:801][799]LogModuleManager: Shutting down and abandoning module GameProjectGeneration (519)
[2019.01.23-16.41.07:801][799]LogModuleManager: Shutting down and abandoning module LuminPlatformEditor (516)
[2019.01.23-16.41.07:801][799]LogModuleManager: Shutting down and abandoning module IOSPlatformEditor (514)
[2019.01.23-16.41.07:801][799]LogModuleManager: Shutting down and abandoning module HTML5PlatformEditor (512)
[2019.01.23-16.41.07:801][799]LogModuleManager: Shutting down and abandoning module AndroidPlatformEditor (510)
[2019.01.23-16.41.07:801][799]LogModuleManager: Shutting down and abandoning module AndroidDeviceDetection (509)
[2019.01.23-16.41.08:513][799]LogModuleManager: Shutting down and abandoning module WindowsPlatformEditor (506)
[2019.01.23-16.41.08:513][799]LogModuleManager: Shutting down and abandoning module LuminRuntimeSettings (504)
[2019.01.23-16.41.08:513][799]LogModuleManager: Shutting down and abandoning module IOSRuntimeSettings (502)
[2019.01.23-16.41.08:513][799]LogModuleManager: Shutting down and abandoning module AndroidRuntimeSettings (500)
[2019.01.23-16.41.08:513][799]LogModuleManager: Shutting down and abandoning module InputBindingEditor (498)
[2019.01.23-16.41.08:513][799]LogModuleManager: Shutting down and abandoning module MergeActors (496)
[2019.01.23-16.41.08:514][799]LogModuleManager: Shutting down and abandoning module LocalizationDashboard (494)
[2019.01.23-16.41.08:514][799]LogModuleManager: Shutting down and abandoning module LocalizationService (493)
[2019.01.23-16.41.08:514][799]LogModuleManager: Shutting down and abandoning module HardwareTargeting (490)
[2019.01.23-16.41.08:514][799]LogModuleManager: Shutting down and abandoning module DeviceProfileEditor (488)
[2019.01.23-16.41.08:514][799]LogModuleManager: Shutting down and abandoning module UndoHistory (486)
[2019.01.23-16.41.08:514][799]LogModuleManager: Shutting down and abandoning module XmlParser (484)
[2019.01.23-16.41.08:514][799]LogModuleManager: Shutting down and abandoning module Blutility (482)
[2019.01.23-16.41.08:514][799]LogModuleManager: Shutting down and abandoning module ProjectSettingsViewer (480)
[2019.01.23-16.41.08:514][799]LogModuleManager: Shutting down and abandoning module ProjectTargetPlatformEditor (479)
[2019.01.23-16.41.08:514][799]LogModuleManager: Shutting down and abandoning module EditorSettingsViewer (476)
[2019.01.23-16.41.08:514][799]LogModuleManager: Shutting down and abandoning module SettingsEditor (474)
[2019.01.23-16.41.08:514][799]LogModuleManager: Shutting down and abandoning module ProjectLauncher (472)
[2019.01.23-16.41.08:514][799]LogModuleManager: Shutting down and abandoning module SessionFrontend (470)
[2019.01.23-16.41.08:514][799]LogModuleManager: Shutting down and abandoning module ProfilerClient (468)
[2019.01.23-16.41.08:514][799]LogModuleManager: Shutting down and abandoning module DeviceManager (466)
[2019.01.23-16.41.08:514][799]LogModuleManager: Shutting down and abandoning module TargetDeviceServices (465)
[2019.01.23-16.41.08:580][799]LogModuleManager: Shutting down and abandoning module AutomationController (462)
[2019.01.23-16.41.08:580][799]LogModuleManager: Shutting down and abandoning module AutomationWindow (460)
[2019.01.23-16.41.08:580][799]LogModuleManager: Shutting down and abandoning module Layers (458)
[2019.01.23-16.41.08:580][799]LogModuleManager: Shutting down and abandoning module ComponentVisualizers (456)
[2019.01.23-16.41.08:580][799]LogModuleManager: Shutting down and abandoning module DetailCustomizations (454)
[2019.01.23-16.41.08:580][799]LogModuleManager: Shutting down and abandoning module PackagesDialog (452)
[2019.01.23-16.41.08:580][799]LogModuleManager: Shutting down and abandoning module Persona (450)
[2019.01.23-16.41.08:580][799]LogModuleManager: Shutting down and abandoning module AdvancedPreviewScene (449)
[2019.01.23-16.41.08:580][799]LogModuleManager: Shutting down and abandoning module AnimGraph (447)
[2019.01.23-16.41.08:580][799]LogModuleManager: Shutting down and abandoning module Kismet (444)
[2019.01.23-16.41.08:580][799]LogModuleManager: Shutting down and abandoning module GraphEditor (442)
[2019.01.23-16.41.08:580][799]LogModuleManager: Shutting down and abandoning module ClassViewer (440)
[2019.01.23-16.41.08:580][799]LogModuleManager: Shutting down and abandoning module Toolbox (438)
[2019.01.23-16.41.08:580][799]LogModuleManager: Shutting down and abandoning module ModuleUI (436)
[2019.01.23-16.41.08:580][799]LogModuleManager: Shutting down and abandoning module MovieSceneTools (434)
[2019.01.23-16.41.08:580][799]LogModuleManager: Shutting down and abandoning module OutputLog (432)
[2019.01.23-16.41.08:580][799]LogModuleManager: Shutting down and abandoning module GammaUI (430)
[2019.01.23-16.41.08:580][799]LogModuleManager: Shutting down and abandoning module Documentation (428)
[2019.01.23-16.41.08:580][799]LogModuleManager: Shutting down and abandoning module MovieSceneTracks (426)
[2019.01.23-16.41.08:580][799]LogModuleManager: Shutting down and abandoning module MovieScene (424)
[2019.01.23-16.41.08:580][799]LogModuleManager: Shutting down and abandoning module StreamingPauseRendering (422)
[2019.01.23-16.41.08:580][799]LogModuleManager: Shutting down and abandoning module LauncherPlatform (420)
[2019.01.23-16.41.08:580][799]LogModuleManager: Shutting down and abandoning module AnalyticsET (418)
[2019.01.23-16.41.08:580][799]LogModuleManager: Shutting down and abandoning module PortalServices (416)
[2019.01.23-16.41.08:580][799]LogModuleManager: Shutting down and abandoning module PortalRpc (414)
[2019.01.23-16.41.08:580][799]LogModuleManager: Shutting down and abandoning module MessagingRpc (412)
[2019.01.23-16.41.08:580][799]LogModuleManager: Shutting down and abandoning module AIModule (410)
[2019.01.23-16.41.08:580][799]LogModuleManager: Shutting down and abandoning module GameplayDebugger (409)
[2019.01.23-16.41.08:580][799]LogModuleManager: Shutting down and abandoning module AITestSuite (407)
[2019.01.23-16.41.08:580][799]LogModuleManager: Shutting down and abandoning module NavigationSystem (405)
[2019.01.23-16.41.08:580][799]LogModuleManager: Shutting down and abandoning module DesktopPlatform (402)
[2019.01.23-16.41.08:581][799]LogModuleManager: Shutting down and abandoning module ProfilerService (400)
[2019.01.23-16.41.08:766][799]LogModuleManager: Shutting down and abandoning module TaskGraph (398)
[2019.01.23-16.41.08:766][799]LogModuleManager: Shutting down and abandoning module SteamVRController (396)
[2019.01.23-16.41.08:766][799]LogModuleManager: Shutting down and abandoning module ProceduralMeshComponentEditor (394)
[2019.01.23-16.41.08:766][799]LogModuleManager: Shutting down and abandoning module ProceduralMeshComponent (392)
[2019.01.23-16.41.08:766][799]LogModuleManager: Shutting down and abandoning module OculusInput (390)
[2019.01.23-16.41.08:766][799]LogModuleManager: Shutting down and abandoning module MobilePatchingUtils (388)
[2019.01.23-16.41.08:766][799]LogModuleManager: Shutting down and abandoning module EditableMesh (386)
[2019.01.23-16.41.08:766][799]LogModuleManager: Shutting down and abandoning module CustomMeshComponent (384)
[2019.01.23-16.41.08:766][799]LogModuleManager: Shutting down and abandoning module CableComponent (382)
[2019.01.23-16.41.08:766][799]LogModuleManager: Shutting down and abandoning module AudioCapture (380)
[2019.01.23-16.41.08:766][799]LogModuleManager: Shutting down and abandoning module ArchVisCharacter (378)
[2019.01.23-16.41.08:766][799]LogModuleManager: Shutting down and abandoning module AndroidPermission (376)
[2019.01.23-16.41.08:766][799]LogModuleManager: Shutting down and abandoning module NUTUnrealEngine4 (374)
[2019.01.23-16.41.08:766][799]LogModuleManager: Shutting down and abandoning module NetcodeUnitTest (372)
[2019.01.23-16.41.08:766][799]LogModuleManager: Shutting down and abandoning module MediaCompositingEditor (370)
[2019.01.23-16.41.08:766][799]LogModuleManager: Shutting down and abandoning module MediaCompositing (368)
[2019.01.23-16.41.08:766][799]LogModuleManager: Shutting down and abandoning module LinearTimecode (366)
[2019.01.23-16.41.08:766][799]LogModuleManager: Shutting down and abandoning module ImgMedia (364)
[2019.01.23-16.41.08:770][799]LogModuleManager: Shutting down and abandoning module HTML5Networking (362)
[2019.01.23-16.41.08:770][799]LogModuleManager: Shutting down and abandoning module GeometryCacheTracks (360)
[2019.01.23-16.41.08:770][799]LogModuleManager: Shutting down and abandoning module GeometryCacheSequencer (358)
[2019.01.23-16.41.08:770][799]LogModuleManager: Shutting down and abandoning module BackChannel (356)
[2019.01.23-16.41.08:770][799]LogModuleManager: Shutting down and abandoning module AppleVision (354)
[2019.01.23-16.41.08:770][799]LogModuleManager: Shutting down and abandoning module AppleImageUtils (352)
[2019.01.23-16.41.08:770][799]LogModuleManager: Shutting down and abandoning module AlembicImporter (350)
[2019.01.23-16.41.08:770][799]LogModuleManager: Shutting down and abandoning module AlembicLibrary (349)
[2019.01.23-16.41.08:770][799]LogModuleManager: Shutting down and abandoning module GeometryCache (348)
[2019.01.23-16.41.08:770][799]LogModuleManager: Shutting down and abandoning module GeometryCacheEd (347)
[2019.01.23-16.41.08:770][799]LogModuleManager: Shutting down and abandoning module DatasmithContentEditor (342)
[2019.01.23-16.41.08:770][799]LogModuleManager: Shutting down and abandoning module DatasmithContent (340)
[2019.01.23-16.41.08:771][799]LogModuleManager: Shutting down and abandoning module SpeedTreeImporter (338)
[2019.01.23-16.41.08:771][799]LogModuleManager: Shutting down and abandoning module PluginBrowser (336)
[2019.01.23-16.41.08:771][799]LogModuleManager: Shutting down and abandoning module MobileLauncherProfileWizard (334)
[2019.01.23-16.41.08:771][799]LogModuleManager: Shutting down and abandoning module PolygonModeling (332)
[2019.01.23-16.41.08:771][799]LogModuleManager: Shutting down and abandoning module MeshEditor (330)
[2019.01.23-16.41.08:771][799]LogModuleManager: Shutting down and abandoning module CryptoKeysOpenSSL (328)
[2019.01.23-16.41.08:771][799]LogModuleManager: Shutting down and abandoning module CryptoKeys (326)
[2019.01.23-16.41.08:771][799]LogModuleManager: Shutting down and abandoning module VisualStudioSourceCodeAccess (324)
[2019.01.23-16.41.08:771][799]LogModuleManager: Shutting down and abandoning module VisualStudioCodeSourceCodeAccess (322)
[2019.01.23-16.41.08:771][799]LogModuleManager: Shutting down and abandoning module UObjectPlugin (320)
[2019.01.23-16.41.08:771][799]LogModuleManager: Shutting down and abandoning module SubversionSourceControl (318)
[2019.01.23-16.41.08:771][799]LogModuleManager: Shutting down and abandoning module PerforceSourceControl (316)
[2019.01.23-16.41.08:771][799]LogModuleManager: Shutting down and abandoning module GitSourceControl (314)
[2019.01.23-16.41.08:771][799]LogModuleManager: Shutting down and abandoning module SourceControl (313)
[2019.01.23-16.41.08:771][799]LogModuleManager: Shutting down and abandoning module CLionSourceCodeAccess (310)
[2019.01.23-16.41.08:771][799]LogModuleManager: Shutting down and abandoning module LightPropagationVolumeEditor (308)
[2019.01.23-16.41.08:771][799]LogModuleManager: Shutting down and abandoning module PaperTiledImporter (306)
[2019.01.23-16.41.08:771][799]LogModuleManager: Shutting down and abandoning module PaperSpriteSheetImporter (304)
[2019.01.23-16.41.08:771][799]LogModuleManager: Shutting down and abandoning module Paper2DEditor (302)
[2019.01.23-16.41.08:771][799]LogModuleManager: Shutting down and abandoning module MeshPaint (301)
[2019.01.23-16.41.08:771][799]LogModuleManager: Shutting down and abandoning module RuntimePhysXCooking (298)
[2019.01.23-16.41.08:771][799]LogModuleManager: Shutting down and abandoning module PhysXVehiclesEditor (296)
[2019.01.23-16.41.08:771][799]LogModuleManager: Shutting down and abandoning module PhysXVehicles (294)
[2019.01.23-16.41.08:771][799]LogModuleManager: Shutting down and abandoning module OculusEditor (292)
[2019.01.23-16.41.08:771][799]LogModuleManager: Shutting down and abandoning module LocationServicesBPLibrary (290)
[2019.01.23-16.41.08:771][799]LogModuleManager: Shutting down and abandoning module ImmediatePhysicsEditor (288)
[2019.01.23-16.41.08:771][799]LogModuleManager: Shutting down and abandoning module ImmediatePhysics (286)
[2019.01.23-16.41.08:771][799]LogModuleManager: Shutting down and abandoning module ActorSequence (284)
[2019.01.23-16.41.08:771][799]LogModuleManager: Shutting down and abandoning module UdpMessaging (282)
[2019.01.23-16.41.08:873][799]LogModuleManager: Shutting down and abandoning module TcpMessaging (280)
[2019.01.23-16.41.08:974][799]LogModuleManager: Shutting down and abandoning module MagicLeapAudio (278)
[2019.01.23-16.41.08:974][799]LogModuleManager: Shutting down and abandoning module GameplayTagsEditor (276)
[2019.01.23-16.41.08:974][799]LogModuleManager: Shutting down and abandoning module FacialAnimationEditor (274)
[2019.01.23-16.41.08:974][799]LogModuleManager: Shutting down and abandoning module FacialAnimation (272)
[2019.01.23-16.41.08:974][799]LogModuleManager: Shutting down and abandoning module DataValidation (270)
[2019.01.23-16.41.08:974][799]LogModuleManager: Shutting down and abandoning module AssetManagerEditor (268)
[2019.01.23-16.41.08:974][799]LogModuleManager: Shutting down and abandoning module LevelEditor (267)
[2019.01.23-16.41.08:974][799]LogModuleManager: Shutting down and abandoning module PixelInspectorModule (266)
[2019.01.23-16.41.08:974][799]LogModuleManager: Shutting down and abandoning module CommonMenuExtensions (264)
[2019.01.23-16.41.08:974][799]LogModuleManager: Shutting down and abandoning module MainFrame (262)
[2019.01.23-16.41.08:975][799]LogModuleManager: Shutting down and abandoning module HotReload (261)
[2019.01.23-16.41.08:975][799]LogModuleManager: Shutting down and abandoning module ContentBrowser (257)
[2019.01.23-16.41.08:976][799]LogModuleManager: Shutting down and abandoning module TreeMap (255)
[2019.01.23-16.41.08:976][799]LogModuleManager: Shutting down and abandoning module LightPropagationVolumeRuntime (252)
[2019.01.23-16.41.08:976][799]LogModuleManager: Shutting down and abandoning module AISupportModule (250)
[2019.01.23-16.41.08:976][799]LogModuleManager: Shutting down and abandoning module Paper2D (248)
[2019.01.23-16.41.08:976][799]LogModuleManager: Shutting down and abandoning module WindowsMoviePlayer (246)
[2019.01.23-16.41.08:976][799]LogModuleManager: Shutting down and abandoning module WmfMedia (244)
[2019.01.23-16.41.08:977][799]LogModuleManager: Shutting down and abandoning module Media (243)
[2019.01.23-16.41.08:983][799]LogModuleManager: Shutting down and abandoning module PacketHandler (240)
[2019.01.23-16.41.08:983][799]LogModuleManager: Shutting down and abandoning module ClothingSystemEditor (238)
[2019.01.23-16.41.08:983][799]LogModuleManager: Shutting down and abandoning module ClothingSystemRuntime (236)
[2019.01.23-16.41.08:983][799]LogModuleManager: Shutting down and abandoning module MediaAssets (234)
[2019.01.23-16.41.08:983][799]LogModuleManager: Shutting down and abandoning module Overlay (232)
[2019.01.23-16.41.08:983][799]LogModuleManager: Shutting down and abandoning module OverlayEditor (231)
[2019.01.23-16.41.08:983][799]LogModuleManager: Shutting down and abandoning module VREditor (228)
[2019.01.23-16.41.08:983][799]LogModuleManager: Shutting down and abandoning module StringTableEditor (226)
[2019.01.23-16.41.08:983][799]LogModuleManager: Shutting down and abandoning module GameplayTasksEditor (224)
[2019.01.23-16.41.08:983][799]LogModuleManager: Shutting down and abandoning module BehaviorTreeEditor (222)
[2019.01.23-16.41.08:983][799]LogModuleManager: Shutting down and abandoning module FunctionalTesting (220)
[2019.01.23-16.41.08:983][799]LogModuleManager: Shutting down and abandoning module CollisionAnalyzer (218)
[2019.01.23-16.41.08:983][799]LogModuleManager: Shutting down and abandoning module WorkspaceMenuStructure (217)
[2019.01.23-16.41.08:983][799]LogModuleManager: Shutting down and abandoning module UMG (214)
[2019.01.23-16.41.08:983][799]LogModuleManager: Shutting down and abandoning module UMGEditor (213)
[2019.01.23-16.41.08:983][799]LogModuleManager: Shutting down and abandoning module Sequencer (212)
[2019.01.23-16.41.08:983][799]LogModuleManager: Shutting down and abandoning module MessageLog (209)
[2019.01.23-16.41.08:983][799]LogModuleManager: Shutting down and abandoning module SlateReflector (204)
[2019.01.23-16.41.08:983][799]LogModuleManager: Shutting down and abandoning module Slate (202)
[2019.01.23-16.41.08:983][799]LogModuleManager: Shutting down and abandoning module EditorStyle (200)
[2019.01.23-16.41.08:985][799]LogModuleManager: Shutting down and abandoning module MRMesh (198)
[2019.01.23-16.41.08:985][799]LogModuleManager: Shutting down and abandoning module SourceCodeAccess (196)
[2019.01.23-16.41.08:985][799]LogModuleManager: Shutting down and abandoning module HeadMountedDisplay (194)
[2019.01.23-16.41.08:985][799]LogModuleManager: Shutting down and abandoning module XAudio2 (192)
[2019.01.23-16.41.08:985][799]LogModuleManager: Shutting down and abandoning module Networking (190)
[2019.01.23-16.41.08:985][799]LogModuleManager: Shutting down and abandoning module Core (188)
[2019.01.23-16.41.08:985][799]LogModuleManager: Shutting down and abandoning module LevelSequence (186)
[2019.01.23-16.41.08:985][799]LogModuleManager: Shutting down and abandoning module KismetCompiler (184)
[2019.01.23-16.41.08:985][799]LogModuleManager: Shutting down and abandoning module MeshUtilities (182)
[2019.01.23-16.41.08:985][799]LogModuleManager: Shutting down and abandoning module MeshMergeUtilities (181)
[2019.01.23-16.41.08:985][799]LogModuleManager: Shutting down and abandoning module MeshReductionInterface (180)
[2019.01.23-16.41.08:985][799]LogModuleManager: Shutting down and abandoning module SimplygonSwarm (179)
[2019.01.23-16.41.08:985][799]LogModuleManager: Shutting down and abandoning module ProxyLODMeshReduction (177)
[2019.01.23-16.41.08:985][799]LogModuleManager: Shutting down and abandoning module SimplygonMeshReduction (175)
[2019.01.23-16.41.08:985][799]LogModuleManager: Shutting down and abandoning module QuadricMeshReduction (173)
[2019.01.23-16.41.08:985][799]LogModuleManager: Shutting down and abandoning module MaterialBaking (169)
[2019.01.23-16.41.08:985][799]LogModuleManager: Shutting down and abandoning module DirectoryWatcher (165)
[2019.01.23-16.41.08:985][799]LogModuleManager: Shutting down and abandoning module DerivedDataCache (162)
[2019.01.23-16.41.09:060][799]LogDerivedDataCache: Shutdown
[2019.01.23-16.41.09:060][799]LogModuleManager: Shutting down and abandoning module XGEController (160)
[2019.01.23-16.41.09:060][799]LogModuleManager: Shutting down and abandoning module TargetPlatform (158)
[2019.01.23-16.41.09:060][799]LogModuleManager: Shutting down and abandoning module VulkanShaderFormat (157)
[2019.01.23-16.41.09:060][799]LogModuleManager: Shutting down and abandoning module ShaderFormatVectorVM (155)
[2019.01.23-16.41.09:060][799]LogModuleManager: Shutting down and abandoning module ShaderFormatOpenGL (153)
[2019.01.23-16.41.09:060][799]LogModuleManager: Shutting down and abandoning module ShaderFormatD3D (151)
[2019.01.23-16.41.09:060][799]LogModuleManager: Shutting down and abandoning module MetalShaderFormat (149)
[2019.01.23-16.41.09:060][799]LogModuleManager: Shutting down and abandoning module TextureFormatUncompressed (147)
[2019.01.23-16.41.09:060][799]LogModuleManager: Shutting down and abandoning module TextureFormatPVR (145)
[2019.01.23-16.41.09:060][799]LogModuleManager: Shutting down and abandoning module TextureFormatDXT (143)
[2019.01.23-16.41.09:060][799]LogModuleManager: Shutting down and abandoning module TextureFormatIntelISPCTexComp (141)
[2019.01.23-16.41.09:060][799]LogModuleManager: Shutting down and abandoning module TextureFormatASTC (139)
[2019.01.23-16.41.09:060][799]LogModuleManager: Shutting down and abandoning module ImageWrapper (138)
[2019.01.23-16.41.09:060][799]LogModuleManager: Shutting down and abandoning module TextureFormatAndroid (135)
[2019.01.23-16.41.09:060][799]LogModuleManager: Shutting down and abandoning module AudioFormatOpus (133)
[2019.01.23-16.41.09:060][799]LogModuleManager: Shutting down and abandoning module AudioFormatOgg (131)
[2019.01.23-16.41.09:060][799]LogModuleManager: Shutting down and abandoning module AudioFormatADPCM (129)
[2019.01.23-16.41.09:060][799]LogModuleManager: Shutting down and abandoning module LuminTargetPlatform (127)
[2019.01.23-16.41.09:060][799]LogModuleManager: Shutting down and abandoning module LinuxTargetPlatform (125)
[2019.01.23-16.41.09:060][799]LogModuleManager: Shutting down and abandoning module LinuxServerTargetPlatform (123)
[2019.01.23-16.41.09:060][799]LogModuleManager: Shutting down and abandoning module LinuxNoEditorTargetPlatform (121)
[2019.01.23-16.41.09:060][799]LogModuleManager: Shutting down and abandoning module LinuxClientTargetPlatform (119)
[2019.01.23-16.41.09:060][799]LogModuleManager: Shutting down and abandoning module TVOSTargetPlatform (117)
[2019.01.23-16.41.09:061][799]LogModuleManager: Shutting down and abandoning module Messaging (115)
[2019.01.23-16.41.09:061][799]LogModuleManager: Shutting down and abandoning module IOSTargetPlatform (113)
[2019.01.23-16.41.09:061][799]LogModuleManager: Shutting down and abandoning module HTML5TargetPlatform (111)
[2019.01.23-16.41.09:061][799]LogModuleManager: Shutting down and abandoning module AndroidTargetPlatform (109)
[2019.01.23-16.41.09:065][799]LogModuleManager: Shutting down and abandoning module WindowsTargetPlatform (107)
[2019.01.23-16.41.09:066][799]LogModuleManager: Shutting down and abandoning module WindowsServerTargetPlatform (105)
[2019.01.23-16.41.09:066][799]LogModuleManager: Shutting down and abandoning module WindowsNoEditorTargetPlatform (103)
[2019.01.23-16.41.09:066][799]LogModuleManager: Shutting down and abandoning module WindowsClientTargetPlatform (101)
[2019.01.23-16.41.09:066][799]LogModuleManager: Shutting down and abandoning module MacTargetPlatform (99)
[2019.01.23-16.41.09:066][799]LogModuleManager: Shutting down and abandoning module MacServerTargetPlatform (97)
[2019.01.23-16.41.09:066][799]LogModuleManager: Shutting down and abandoning module MacNoEditorTargetPlatform (95)
[2019.01.23-16.41.09:066][799]LogModuleManager: Shutting down and abandoning module MacClientTargetPlatform (93)
[2019.01.23-16.41.09:066][799]LogModuleManager: Shutting down and abandoning module AllDesktopTargetPlatform (91)
[2019.01.23-16.41.09:066][799]LogModuleManager: Shutting down and abandoning module InputCore (88)
[2019.01.23-16.41.09:066][799]LogModuleManager: Shutting down and abandoning module Settings (86)
[2019.01.23-16.41.09:066][799]LogModuleManager: Shutting down and abandoning module PhysXCooking (84)
[2019.01.23-16.41.09:066][799]LogModuleManager: Shutting down and abandoning module SteamVR (82)
[2019.01.23-16.41.09:066][799]LogModuleManager: Shutting down and abandoning module OculusHMD (80)
[2019.01.23-16.41.09:066][799]LogModuleManager: Shutting down and abandoning module ExampleDeviceProfileSelector (78)
[2019.01.23-16.41.09:066][799]LogModuleManager: Shutting down and abandoning module LauncherChunkInstaller (76)
[2019.01.23-16.41.09:066][799]LogModuleManager: Shutting down and abandoning module OnlineBlueprintSupport (74)
[2019.01.23-16.41.09:066][799]LogModuleManager: Shutting down and abandoning module OnlineSubsystem (70)
[2019.01.23-16.41.09:066][799]LogModuleManager: Shutting down and abandoning module XMPP (65)
[2019.01.23-16.41.09:067][799]LogModuleManager: Shutting down and abandoning module WebSockets (64)
[2019.01.23-16.41.09:088][799]LogModuleManager: Shutting down and abandoning module HTTP (61)
[2019.01.23-16.41.09:088][799]LogHttp: Display: Http module shutting down, but needs to wait on 1 outstanding Http requests:
[2019.01.23-16.41.09:088][799]LogHttp: Display: 	verb=[POST] url=[https://datarouter.ol.epicgames.com/datarouter/api/v1/public/data?SessionID=%7B83F63945-44F3-A492-752C-CEA63289B418%7D&AppID=UEEditor.Rocket.Release&AppVersion=4.20.3-4369336%2B%2B%2BUE4%2BRelease-4.20&UserID=ab49b8d246f448b59ced81ba60af61d4%7C3197012184b6453991554fce33e1b995%7Ce7b110cc-1a49-4b3b-976f-10b06697675e&AppEnvironment=datacollector-binary&UploadType=eteventstream] status=Processing
[2019.01.23-16.41.09:119][799]LogModuleManager: Shutting down and abandoning module SSL (60)
[2019.01.23-16.41.09:120][799]LogModuleManager: Shutting down and abandoning module MagicLeapEmulator (56)
[2019.01.23-16.41.09:120][799]LogModuleManager: Shutting down and abandoning module MagicLeapPrivileges (54)
[2019.01.23-16.41.09:120][799]LogModuleManager: Shutting down and abandoning module MagicLeapIdentity (52)
[2019.01.23-16.41.09:120][799]LogModuleManager: Shutting down and abandoning module MagicLeapHelperVulkan (50)
[2019.01.23-16.41.09:120][799]LogModuleManager: Shutting down and abandoning module MagicLeapHelperOpenGL (48)
[2019.01.23-16.41.09:120][799]LogModuleManager: Shutting down and abandoning module MagicLeapSecureStorage (46)
[2019.01.23-16.41.09:120][799]LogModuleManager: Shutting down and abandoning module MagicLeapGestures (44)
[2019.01.23-16.41.09:120][799]LogModuleManager: Shutting down and abandoning module MagicLeapEyeTracker (42)
[2019.01.23-16.41.09:120][799]LogModuleManager: Shutting down and abandoning module MagicLeapController (40)
[2019.01.23-16.41.09:120][799]LogSlate: Slate User Destroyed.  User Index 0, Is Virtual User: 0
[2019.01.23-16.41.09:120][799]LogModuleManager: Shutting down and abandoning module MagicLeap (38)
[2019.01.23-16.41.09:120][799]LogModuleManager: Shutting down and abandoning module AnimationModifiers (36)
[2019.01.23-16.41.09:120][799]LogModuleManager: Shutting down and abandoning module PropertyEditor (35)
[2019.01.23-16.41.09:120][799]LogModuleManager: Shutting down and abandoning module AudioEditor (32)
[2019.01.23-16.41.09:120][799]LogModuleManager: Shutting down and abandoning module TextureCompressor (30)
[2019.01.23-16.41.09:120][799]LogModuleManager: Shutting down and abandoning module ShaderCore (28)
[2019.01.23-16.41.09:120][799]LogModuleManager: Shutting down and abandoning module Landscape (26)
[2019.01.23-16.41.09:120][799]LogModuleManager: Shutting down and abandoning module SlateRHIRenderer (24)
[2019.01.23-16.41.09:120][799]LogModuleManager: Shutting down and abandoning module OpenGLDrv (22)
[2019.01.23-16.41.09:120][799]LogModuleManager: Shutting down and abandoning module D3D11RHI (20)
[2019.01.23-16.41.09:120][799]LogModuleManager: Shutting down and abandoning module AnimGraphRuntime (18)
[2019.01.23-16.41.09:121][799]LogModuleManager: Shutting down and abandoning module Renderer (16)
[2019.01.23-16.41.09:121][799]LogModuleManager: Shutting down and abandoning module Engine (14)
[2019.01.23-16.41.09:121][799]LogModuleManager: Shutting down and abandoning module CoreUObject (12)
[2019.01.23-16.41.09:121][799]LogModuleManager: Shutting down and abandoning module NetworkFile (10)
[2019.01.23-16.41.09:121][799]LogModuleManager: Shutting down and abandoning module CookedIterativeFile (8)
[2019.01.23-16.41.09:121][799]LogModuleManager: Shutting down and abandoning module StreamingFile (6)
[2019.01.23-16.41.09:121][799]LogModuleManager: Shutting down and abandoning module SandboxFile (4)
[2019.01.23-16.41.09:121][799]LogModuleManager: Shutting down and abandoning module PakFile (2)
[2019.01.23-16.41.09:127][799]LogExit: Exiting.
[2019.01.23-16.41.09:139][799]Log file closed, 01/23/19 09:41:09
